This is cutadapt 4.0 with Python 3.9.12
Command line parameters: -g ACGTCTGGTTCAGGGTTGTT -a AGCGGAGGAAAAGAAACTAA -G TTAGTTTCTTTTCCTCCGCT -A AACAACCCTGAACCAGACGT -n 2 --discard-untrimmed -o C:/Users/madis/OneDrive/Documents/URCO-Horse-Project/Miseq_Run/cutadapt/BZ02L_S15_R1_001.fastq.gz -p C:/Users/madis/OneDrive/Documents/URCO-Horse-Project/Miseq_Run/cutadapt/BZ02L_S15_R2_001.fastq.gz C:/Users/madis/OneDrive/Documents/URCO-Horse-Project/Miseq_Run/BZ02L_S15_R1_001.fastq.gz C:/Users/madis/OneDrive/Documents/URCO-Horse-Project/Miseq_Run/BZ02L_S15_R2_001.fastq.gz
Processing paired-end reads on 1 core ...
Finished in 2.85 s (148 µs/read; 0.40 M reads/minute).

=== Summary ===

Total read pairs processed:             19,202
  Read 1 with adapter:                  17,789 (92.6%)
  Read 2 with adapter:                  17,597 (91.6%)

== Read fate breakdown ==
Pairs discarded as untrimmed:            1,711 (8.9%)
Pairs written (passing filters):        17,491 (91.1%)

Total basepairs processed:     7,630,831 bp
  Read 1:     3,809,890 bp
  Read 2:     3,820,941 bp
Total written (filtered):      6,648,315 bp (87.1%)
  Read 1:     3,312,623 bp
  Read 2:     3,335,692 bp

=== First read: Adapter 1 ===

Sequence: ACGTCTGGTTCAGGGTTGTT; Type: regular 5'; Length: 20; Trimmed: 14540 times

Minimum overlap: 3
No. of allowed errors:
1-9 bp: 0; 10-19 bp: 1; 20 bp: 2

Overview of removed sequences
length	count	expect	max.err	error counts
19	22	0.0	1	3 19
20	6918	0.0	2	6778 138 2
21	7597	0.0	2	7438 155 4
22	3	0.0	2	2 1


=== First read: Adapter 2 ===

Sequence: AGCGGAGGAAAAGAAACTAA; Type: regular 3'; Length: 20; Trimmed: 3253 times

Minimum overlap: 3
No. of allowed errors:
1-9 bp: 0; 10-19 bp: 1; 20 bp: 2

Bases preceding removed adapters:
  A: 9.2%
  C: 50.2%
  G: 10.9%
  T: 29.7%
  none/other: 0.0%

Overview of removed sequences
length	count	expect	max.err	error counts
3	1	300.0	0	1
18	27	0.0	1	0 0 27
19	103	0.0	1	0 74 29
20	252	0.0	2	15 216 21
21	276	0.0	2	34 186 56
22	79	0.0	2	16 38 25
23	217	0.0	2	0 201 16
24	215	0.0	2	0 188 27
25	57	0.0	2	1 29 27
26	111	0.0	2	45 36 30
27	228	0.0	2	60 129 39
28	615	0.0	2	5 185 425
29	762	0.0	2	0 98 664
30	301	0.0	2	0 12 289
32	1	0.0	2	0 0 1
33	1	0.0	2	0 0 1
52	1	0.0	2	0 1
233	1	0.0	2	0 1
239	1	0.0	2	0 1
244	1	0.0	2	0 0 1
245	2	0.0	2	0 0 2
246	1	0.0	2	0 0 1


=== Second read: Adapter 3 ===

Sequence: TTAGTTTCTTTTCCTCCGCT; Type: regular 5'; Length: 20; Trimmed: 17585 times

Minimum overlap: 3
No. of allowed errors:
1-9 bp: 0; 10-19 bp: 1; 20 bp: 2

Overview of removed sequences
length	count	expect	max.err	error counts
3	1	300.0	0	1
14	1	0.0	1	1
17	1	0.0	1	1
18	52	0.0	1	1 1 50
19	674	0.0	1	6 311 357
20	9457	0.0	2	7481 1051 925
21	7327	0.0	2	6202 633 492
22	39	0.0	2	7 16 16
23	4	0.0	2	0 0 4
25	1	0.0	2	1
31	1	0.0	2	0 1
47	2	0.0	2	2
54	1	0.0	2	0 1
56	1	0.0	2	0 0 1
59	1	0.0	2	0 0 1
61	10	0.0	2	2 4 4
62	7	0.0	2	0 1 6
63	4	0.0	2	0 2 2
76	1	0.0	2	0 1


=== Second read: Adapter 4 ===

Sequence: AACAACCCTGAACCAGACGT; Type: regular 3'; Length: 20; Trimmed: 60 times

Minimum overlap: 3
No. of allowed errors:
1-9 bp: 0; 10-19 bp: 1; 20 bp: 2

Bases preceding removed adapters:
  A: 40.0%
  C: 20.0%
  G: 3.3%
  T: 36.7%
  none/other: 0.0%

Overview of removed sequences
length	count	expect	max.err	error counts
3	51	300.0	0	51
4	2	75.0	0	2
7	1	1.2	0	1
11	3	0.0	1	0 3
20	2	0.0	2	0 2
21	1	0.0	2	0 1
