This is cutadapt 4.0 with Python 3.9.12
Command line parameters: -g ACGTCTGGTTCAGGGTTGTT -a AGCGGAGGAAAAGAAACTAA -G TTAGTTTCTTTTCCTCCGCT -A AACAACCCTGAACCAGACGT -n 2 --discard-untrimmed -o C:/Users/madis/OneDrive/Documents/URCO-Horse-Project/Miseq_Run/cutadapt/BZ02S_S31_R1_001.fastq.gz -p C:/Users/madis/OneDrive/Documents/URCO-Horse-Project/Miseq_Run/cutadapt/BZ02S_S31_R2_001.fastq.gz C:/Users/madis/OneDrive/Documents/URCO-Horse-Project/Miseq_Run/BZ02S_S31_R1_001.fastq.gz C:/Users/madis/OneDrive/Documents/URCO-Horse-Project/Miseq_Run/BZ02S_S31_R2_001.fastq.gz
Processing paired-end reads on 1 core ...
Finished in 4.16 s (159 µs/read; 0.38 M reads/minute).

=== Summary ===

Total read pairs processed:             26,119
  Read 1 with adapter:                  25,069 (96.0%)
  Read 2 with adapter:                  24,799 (94.9%)

== Read fate breakdown ==
Pairs discarded as untrimmed:            1,427 (5.5%)
Pairs written (passing filters):        24,692 (94.5%)

Total basepairs processed:    11,748,083 bp
  Read 1:     5,871,238 bp
  Read 2:     5,876,845 bp
Total written (filtered):     10,454,403 bp (89.0%)
  Read 1:     5,221,130 bp
  Read 2:     5,233,273 bp

=== First read: Adapter 1 ===

Sequence: ACGTCTGGTTCAGGGTTGTT; Type: regular 5'; Length: 20; Trimmed: 22971 times

Minimum overlap: 3
No. of allowed errors:
1-9 bp: 0; 10-19 bp: 1; 20 bp: 2

Overview of removed sequences
length	count	expect	max.err	error counts
18	1	0.0	1	0 1
19	17	0.0	1	1 15 1
20	10930	0.0	2	10723 206 1
21	12012	0.0	2	11808 195 9
22	10	0.0	2	3 7
23	1	0.0	2	1


=== First read: Adapter 2 ===

Sequence: AGCGGAGGAAAAGAAACTAA; Type: regular 3'; Length: 20; Trimmed: 2100 times

Minimum overlap: 3
No. of allowed errors:
1-9 bp: 0; 10-19 bp: 1; 20 bp: 2

Bases preceding removed adapters:
  A: 6.6%
  C: 49.8%
  G: 9.8%
  T: 33.9%
  none/other: 0.0%

Overview of removed sequences
length	count	expect	max.err	error counts
4	1	102.0	0	1
18	21	0.0	1	0 0 21
19	43	0.0	1	0 25 18
20	103	0.0	2	4 84 15
21	87	0.0	2	8 60 19
22	36	0.0	2	4 13 19
23	163	0.0	2	0 149 14
24	159	0.0	2	1 149 9
25	40	0.0	2	0 18 22
26	90	0.0	2	28 52 10
27	118	0.0	2	33 70 15
28	429	0.0	2	9 115 305
29	583	0.0	2	0 81 502
30	224	0.0	2	0 12 212
32	1	0.0	2	0 0 1
244	1	0.0	2	0 0 1
245	1	0.0	2	0 0 1


=== Second read: Adapter 3 ===

Sequence: TTAGTTTCTTTTCCTCCGCT; Type: regular 5'; Length: 20; Trimmed: 24786 times

Minimum overlap: 3
No. of allowed errors:
1-9 bp: 0; 10-19 bp: 1; 20 bp: 2

Overview of removed sequences
length	count	expect	max.err	error counts
10	1	0.0	1	0 1
18	32	0.0	1	1 1 30
19	456	0.0	1	10 209 237
20	13676	0.0	2	12075 847 754
21	10537	0.0	2	9651 487 399
22	27	0.0	2	2 12 13
23	1	0.0	2	0 0 1
25	1	0.0	2	1
54	1	0.0	2	0 0 1
56	2	0.0	2	0 1 1
58	2	0.0	2	0 1 1
59	1	0.0	2	0 1
60	2	0.0	2	0 2
61	15	0.0	2	0 7 8
62	22	0.0	2	4 8 10
63	10	0.0	2	1 4 5


=== Second read: Adapter 4 ===

Sequence: AACAACCCTGAACCAGACGT; Type: regular 3'; Length: 20; Trimmed: 79 times

Minimum overlap: 3
No. of allowed errors:
1-9 bp: 0; 10-19 bp: 1; 20 bp: 2

Bases preceding removed adapters:
  A: 31.6%
  C: 30.4%
  G: 5.1%
  T: 32.9%
  none/other: 0.0%

Overview of removed sequences
length	count	expect	max.err	error counts
3	71	408.1	0	71
4	2	102.0	0	2
5	3	25.5	0	3
6	1	6.4	0	1
8	1	0.4	0	1
21	1	0.0	2	0 0 1
