This is cutadapt 4.0 with Python 3.9.12
Command line parameters: -g ACGTCTGGTTCAGGGTTGTT -a AGCGGAGGAAAAGAAACTAA -G TTAGTTTCTTTTCCTCCGCT -A AACAACCCTGAACCAGACGT -n 2 --discard-untrimmed -o C:/Users/madis/OneDrive/Documents/URCO-Horse-Project/Miseq_Run/cutadapt/BZ03F_S3_R1_001.fastq.gz -p C:/Users/madis/OneDrive/Documents/URCO-Horse-Project/Miseq_Run/cutadapt/BZ03F_S3_R2_001.fastq.gz C:/Users/madis/OneDrive/Documents/URCO-Horse-Project/Miseq_Run/BZ03F_S3_R1_001.fastq.gz C:/Users/madis/OneDrive/Documents/URCO-Horse-Project/Miseq_Run/BZ03F_S3_R2_001.fastq.gz
Processing paired-end reads on 1 core ...
Finished in 1.27 s (121 µs/read; 0.50 M reads/minute).

=== Summary ===

Total read pairs processed:             10,555
  Read 1 with adapter:                   8,820 (83.6%)
  Read 2 with adapter:                   9,138 (86.6%)

== Read fate breakdown ==
Pairs discarded as untrimmed:            1,866 (17.7%)
Pairs written (passing filters):         8,689 (82.3%)

Total basepairs processed:     3,367,877 bp
  Read 1:     1,679,129 bp
  Read 2:     1,688,748 bp
Total written (filtered):      2,642,375 bp (78.5%)
  Read 1:     1,310,226 bp
  Read 2:     1,332,149 bp

=== First read: Adapter 1 ===

Sequence: ACGTCTGGTTCAGGGTTGTT; Type: regular 5'; Length: 20; Trimmed: 5660 times

Minimum overlap: 3
No. of allowed errors:
1-9 bp: 0; 10-19 bp: 1; 20 bp: 2

Overview of removed sequences
length	count	expect	max.err	error counts
19	9	0.0	1	0 4 5
20	2722	0.0	2	2652 61 9
21	2925	0.0	2	2871 52 2
22	4	0.0	2	0 4


=== First read: Adapter 2 ===

Sequence: AGCGGAGGAAAAGAAACTAA; Type: regular 3'; Length: 20; Trimmed: 3164 times

Minimum overlap: 3
No. of allowed errors:
1-9 bp: 0; 10-19 bp: 1; 20 bp: 2

Bases preceding removed adapters:
  A: 9.7%
  C: 49.4%
  G: 12.4%
  T: 28.5%
  none/other: 0.0%

Overview of removed sequences
length	count	expect	max.err	error counts
3	4	164.9	0	4
8	1	0.2	0	1
18	21	0.0	1	0 1 20
19	100	0.0	1	0 79 21
20	285	0.0	2	13 235 37
21	248	0.0	2	32 173 43
22	82	0.0	2	17 39 26
23	194	0.0	2	0 173 21
24	212	0.0	2	0 184 28
25	54	0.0	2	4 26 24
26	129	0.0	2	59 52 18
27	194	0.0	2	46 112 36
28	591	0.0	2	10 175 406
29	726	0.0	2	0 92 634
30	311	0.0	2	0 9 302
31	1	0.0	2	0 0 1
32	1	0.0	2	0 0 1
33	1	0.0	2	0 0 1
232	1	0.0	2	0 1
240	1	0.0	2	0 1
244	2	0.0	2	0 0 2
245	3	0.0	2	0 1 2
246	2	0.0	2	0 0 2


=== Second read: Adapter 3 ===

Sequence: TTAGTTTCTTTTCCTCCGCT; Type: regular 5'; Length: 20; Trimmed: 9136 times

Minimum overlap: 3
No. of allowed errors:
1-9 bp: 0; 10-19 bp: 1; 20 bp: 2

Overview of removed sequences
length	count	expect	max.err	error counts
3	1	164.9	0	1
8	1	0.2	0	1
18	34	0.0	1	0 1 33
19	636	0.0	1	1 293 342
20	4831	0.0	2	3027 921 883
21	3588	0.0	2	2524 603 461
22	27	0.0	2	0 10 17
23	4	0.0	2	0 0 4
25	1	0.0	2	0 1
26	1	0.0	2	0 0 1
60	1	0.0	2	0 0 1
61	2	0.0	2	0 1 1
62	7	0.0	2	1 2 4
63	2	0.0	2	0 0 2


=== Second read: Adapter 4 ===

Sequence: AACAACCCTGAACCAGACGT; Type: regular 3'; Length: 20; Trimmed: 15 times

Minimum overlap: 3
No. of allowed errors:
1-9 bp: 0; 10-19 bp: 1; 20 bp: 2

Bases preceding removed adapters:
  A: 13.3%
  C: 46.7%
  G: 20.0%
  T: 20.0%
  none/other: 0.0%

Overview of removed sequences
length	count	expect	max.err	error counts
3	11	164.9	0	11
10	1	0.0	1	0 1
20	3	0.0	2	0 3
