This is cutadapt 4.0 with Python 3.9.12
Command line parameters: -g ACGTCTGGTTCAGGGTTGTT -a AGCGGAGGAAAAGAAACTAA -G TTAGTTTCTTTTCCTCCGCT -A AACAACCCTGAACCAGACGT -n 2 --discard-untrimmed -o C:/Users/madis/OneDrive/Documents/URCO-Horse-Project/Miseq_Run/cutadapt/BZ03S_S32_R1_001.fastq.gz -p C:/Users/madis/OneDrive/Documents/URCO-Horse-Project/Miseq_Run/cutadapt/BZ03S_S32_R2_001.fastq.gz C:/Users/madis/OneDrive/Documents/URCO-Horse-Project/Miseq_Run/BZ03S_S32_R1_001.fastq.gz C:/Users/madis/OneDrive/Documents/URCO-Horse-Project/Miseq_Run/BZ03S_S32_R2_001.fastq.gz
Processing paired-end reads on 1 core ...
Finished in 5.78 s (161 µs/read; 0.37 M reads/minute).

=== Summary ===

Total read pairs processed:             35,908
  Read 1 with adapter:                  34,735 (96.7%)
  Read 2 with adapter:                  34,348 (95.7%)

== Read fate breakdown ==
Pairs discarded as untrimmed:            1,678 (4.7%)
Pairs written (passing filters):        34,230 (95.3%)

Total basepairs processed:    16,348,012 bp
  Read 1:     8,169,665 bp
  Read 2:     8,178,347 bp
Total written (filtered):     14,584,285 bp (89.2%)
  Read 1:     7,282,042 bp
  Read 2:     7,302,243 bp

=== First read: Adapter 1 ===

Sequence: ACGTCTGGTTCAGGGTTGTT; Type: regular 5'; Length: 20; Trimmed: 32051 times

Minimum overlap: 3
No. of allowed errors:
1-9 bp: 0; 10-19 bp: 1; 20 bp: 2

Overview of removed sequences
length	count	expect	max.err	error counts
14	1	0.0	1	1
18	1	0.0	1	0 0 1
19	19	0.0	1	2 16 1
20	15181	0.0	2	14883 295 3
21	16828	0.0	2	16506 320 2
22	18	0.0	2	4 12 2
24	1	0.0	2	0 0 1
36	1	0.0	2	1
37	1	0.0	2	1


=== First read: Adapter 2 ===

Sequence: AGCGGAGGAAAAGAAACTAA; Type: regular 3'; Length: 20; Trimmed: 2693 times

Minimum overlap: 3
No. of allowed errors:
1-9 bp: 0; 10-19 bp: 1; 20 bp: 2

Bases preceding removed adapters:
  A: 6.9%
  C: 48.3%
  G: 9.7%
  T: 35.1%
  none/other: 0.0%

Overview of removed sequences
length	count	expect	max.err	error counts
3	8	561.1	0	8
18	10	0.0	1	0 0 10
19	69	0.0	1	0 44 25
20	128	0.0	2	8 105 15
21	143	0.0	2	28 84 31
22	64	0.0	2	8 32 24
23	168	0.0	2	0 154 14
24	174	0.0	2	0 161 13
25	47	0.0	2	0 25 22
26	89	0.0	2	36 37 16
27	152	0.0	2	31 85 36
28	585	0.0	2	9 168 408
29	729	0.0	2	0 81 648
30	315	0.0	2	0 13 302
31	1	0.0	2	0 0 1
32	1	0.0	2	0 0 1
233	1	0.0	2	0 0 1
238	1	0.0	2	0 1
239	1	0.0	2	0 1
240	1	0.0	2	0 1
243	1	0.0	2	0 0 1
245	4	0.0	2	0 0 4
246	1	0.0	2	0 0 1


=== Second read: Adapter 3 ===

Sequence: TTAGTTTCTTTTCCTCCGCT; Type: regular 5'; Length: 20; Trimmed: 34343 times

Minimum overlap: 3
No. of allowed errors:
1-9 bp: 0; 10-19 bp: 1; 20 bp: 2

Overview of removed sequences
length	count	expect	max.err	error counts
3	2	561.1	0	2
13	1	0.0	1	0 1
16	2	0.0	1	2
18	32	0.0	1	0 0 32
19	587	0.0	1	12 240 335
20	18846	0.0	2	16858 1014 974
21	14742	0.0	2	13490 731 521
22	37	0.0	2	8 17 12
23	9	0.0	2	0 0 9
28	1	0.0	2	1
30	1	0.0	2	1
41	4	0.0	2	2 0 2
58	3	0.0	2	1 0 2
59	4	0.0	2	1 2 1
60	3	0.0	2	0 0 3
61	22	0.0	2	3 11 8
62	35	0.0	2	1 13 21
63	12	0.0	2	3 4 5


=== Second read: Adapter 4 ===

Sequence: AACAACCCTGAACCAGACGT; Type: regular 3'; Length: 20; Trimmed: 71 times

Minimum overlap: 3
No. of allowed errors:
1-9 bp: 0; 10-19 bp: 1; 20 bp: 2

Bases preceding removed adapters:
  A: 12.7%
  C: 50.7%
  G: 26.8%
  T: 9.9%
  none/other: 0.0%

Overview of removed sequences
length	count	expect	max.err	error counts
3	65	561.1	0	65
4	3	140.3	0	3
6	1	8.8	0	1
8	1	0.5	0	1
21	1	0.0	2	1
