This is cutadapt 4.0 with Python 3.9.12
Command line parameters: -g ACGTCTGGTTCAGGGTTGTT -a AGCGGAGGAAAAGAAACTAA -G TTAGTTTCTTTTCCTCCGCT -A AACAACCCTGAACCAGACGT -n 2 --discard-untrimmed -o C:/Users/madis/OneDrive/Documents/URCO-Horse-Project/Miseq_Run/cutadapt/BZ03L_S16_R1_001.fastq.gz -p C:/Users/madis/OneDrive/Documents/URCO-Horse-Project/Miseq_Run/cutadapt/BZ03L_S16_R2_001.fastq.gz C:/Users/madis/OneDrive/Documents/URCO-Horse-Project/Miseq_Run/BZ03L_S16_R1_001.fastq.gz C:/Users/madis/OneDrive/Documents/URCO-Horse-Project/Miseq_Run/BZ03L_S16_R2_001.fastq.gz
Processing paired-end reads on 1 core ...
Finished in 5.57 s (170 µs/read; 0.35 M reads/minute).

=== Summary ===

Total read pairs processed:             32,803
  Read 1 with adapter:                  31,426 (95.8%)
  Read 2 with adapter:                  30,899 (94.2%)

== Read fate breakdown ==
Pairs discarded as untrimmed:            2,025 (6.2%)
Pairs written (passing filters):        30,778 (93.8%)

Total basepairs processed:    14,506,069 bp
  Read 1:     7,248,635 bp
  Read 2:     7,257,434 bp
Total written (filtered):     12,803,631 bp (88.3%)
  Read 1:     6,391,497 bp
  Read 2:     6,412,134 bp

=== First read: Adapter 1 ===

Sequence: ACGTCTGGTTCAGGGTTGTT; Type: regular 5'; Length: 20; Trimmed: 28280 times

Minimum overlap: 3
No. of allowed errors:
1-9 bp: 0; 10-19 bp: 1; 20 bp: 2

Overview of removed sequences
length	count	expect	max.err	error counts
17	1	0.0	1	0 1
18	1	0.0	1	0 0 1
19	14	0.0	1	1 13
20	13348	0.0	2	13125 216 7
21	14903	0.0	2	14673 227 3
22	9	0.0	2	0 7 2
23	1	0.0	2	1
30	1	0.0	2	1
32	1	0.0	2	0 1
63	1	0.0	2	1


=== First read: Adapter 2 ===

Sequence: AGCGGAGGAAAAGAAACTAA; Type: regular 3'; Length: 20; Trimmed: 3151 times

Minimum overlap: 3
No. of allowed errors:
1-9 bp: 0; 10-19 bp: 1; 20 bp: 2

Bases preceding removed adapters:
  A: 7.3%
  C: 47.6%
  G: 10.3%
  T: 34.7%
  none/other: 0.0%

Overview of removed sequences
length	count	expect	max.err	error counts
3	3	512.5	0	3
10	2	0.0	1	0 2
11	1	0.0	1	0 1
18	20	0.0	1	0 0 20
19	79	0.0	1	0 52 27
20	173	0.0	2	8 141 24
21	150	0.0	2	17 94 39
22	52	0.0	2	5 34 13
23	188	0.0	2	0 173 15
24	169	0.0	2	0 144 25
25	45	0.0	2	0 23 22
26	127	0.0	2	42 65 20
27	166	0.0	2	37 96 33
28	669	0.0	2	7 173 489
29	944	0.0	2	0 98 846
30	347	0.0	2	0 15 332
31	1	0.0	2	0 0 1
33	1	0.0	2	0 0 1
36	1	0.0	2	0 0 1
37	1	0.0	2	0 0 1
232	2	0.0	2	0 1 1
236	1	0.0	2	0 0 1
239	1	0.0	2	0 0 1
240	1	0.0	2	0 1
243	1	0.0	2	0 0 1
244	3	0.0	2	0 0 3
245	2	0.0	2	0 0 2
246	1	0.0	2	0 0 1


=== Second read: Adapter 3 ===

Sequence: TTAGTTTCTTTTCCTCCGCT; Type: regular 5'; Length: 20; Trimmed: 30889 times

Minimum overlap: 3
No. of allowed errors:
1-9 bp: 0; 10-19 bp: 1; 20 bp: 2

Overview of removed sequences
length	count	expect	max.err	error counts
3	4	512.5	0	4
10	1	0.0	1	1
15	1	0.0	1	1
16	5	0.0	1	5
17	1	0.0	1	1
18	39	0.0	1	2 0 37
19	706	0.0	1	9 278 419
20	16636	0.0	2	14285 1184 1167
21	13424	0.0	2	11994 782 648
22	27	0.0	2	0 14 13
23	7	0.0	2	0 0 7
40	1	0.0	2	1
41	1	0.0	2	0 0 1
58	1	0.0	2	0 1
59	1	0.0	2	1
60	2	0.0	2	0 0 2
61	10	0.0	2	0 4 6
62	19	0.0	2	1 4 14
63	2	0.0	2	0 2
64	1	0.0	2	0 1


=== Second read: Adapter 4 ===

Sequence: AACAACCCTGAACCAGACGT; Type: regular 3'; Length: 20; Trimmed: 126 times

Minimum overlap: 3
No. of allowed errors:
1-9 bp: 0; 10-19 bp: 1; 20 bp: 2

Bases preceding removed adapters:
  A: 30.2%
  C: 41.3%
  G: 5.6%
  T: 23.0%
  none/other: 0.0%

Overview of removed sequences
length	count	expect	max.err	error counts
3	114	512.5	0	114
4	5	128.1	0	5
7	2	2.0	0	2
10	1	0.0	1	0 1
11	3	0.0	1	0 3
21	1	0.0	2	0 0 1
