This is cutadapt 4.0 with Python 3.9.12
Command line parameters: -g ACGTCTGGTTCAGGGTTGTT -a AGCGGAGGAAAAGAAACTAA -G TTAGTTTCTTTTCCTCCGCT -A AACAACCCTGAACCAGACGT -n 2 --discard-untrimmed -o C:/Users/madis/OneDrive/Documents/URCO-Horse-Project/Miseq_Run/cutadapt/BZ04L_S17_R1_001.fastq.gz -p C:/Users/madis/OneDrive/Documents/URCO-Horse-Project/Miseq_Run/cutadapt/BZ04L_S17_R2_001.fastq.gz C:/Users/madis/OneDrive/Documents/URCO-Horse-Project/Miseq_Run/BZ04L_S17_R1_001.fastq.gz C:/Users/madis/OneDrive/Documents/URCO-Horse-Project/Miseq_Run/BZ04L_S17_R2_001.fastq.gz
Processing paired-end reads on 1 core ...
Finished in 4.42 s (158 µs/read; 0.38 M reads/minute).

=== Summary ===

Total read pairs processed:             27,950
  Read 1 with adapter:                  26,941 (96.4%)
  Read 2 with adapter:                  26,713 (95.6%)

== Read fate breakdown ==
Pairs discarded as untrimmed:            1,315 (4.7%)
Pairs written (passing filters):        26,635 (95.3%)

Total basepairs processed:    12,637,625 bp
  Read 1:     6,316,472 bp
  Read 2:     6,321,153 bp
Total written (filtered):     11,300,896 bp (89.4%)
  Read 1:     5,644,059 bp
  Read 2:     5,656,837 bp

=== First read: Adapter 1 ===

Sequence: ACGTCTGGTTCAGGGTTGTT; Type: regular 5'; Length: 20; Trimmed: 24756 times

Minimum overlap: 3
No. of allowed errors:
1-9 bp: 0; 10-19 bp: 1; 20 bp: 2

Overview of removed sequences
length	count	expect	max.err	error counts
18	1	0.0	1	0 0 1
19	25	0.0	1	0 22 3
20	11587	0.0	2	11361 224 2
21	13135	0.0	2	12919 213 3
22	8	0.0	2	2 6


=== First read: Adapter 2 ===

Sequence: AGCGGAGGAAAAGAAACTAA; Type: regular 3'; Length: 20; Trimmed: 2190 times

Minimum overlap: 3
No. of allowed errors:
1-9 bp: 0; 10-19 bp: 1; 20 bp: 2

Bases preceding removed adapters:
  A: 5.3%
  C: 49.1%
  G: 10.7%
  T: 34.9%
  none/other: 0.0%

Overview of removed sequences
length	count	expect	max.err	error counts
18	11	0.0	1	0 0 11
19	57	0.0	1	0 40 17
20	130	0.0	2	14 101 15
21	108	0.0	2	14 67 27
22	38	0.0	2	8 19 11
23	143	0.0	2	0 127 16
24	112	0.0	2	0 106 6
25	29	0.0	2	1 16 12
26	81	0.0	2	33 30 18
27	138	0.0	2	36 74 28
28	487	0.0	2	8 132 347
29	614	0.0	2	0 85 529
30	233	0.0	2	0 13 220
31	1	0.0	2	0 0 1
233	1	0.0	2	0 1
240	2	0.0	2	0 2
244	1	0.0	2	0 0 1
245	3	0.0	2	0 2 1
246	1	0.0	2	0 0 1


=== Second read: Adapter 3 ===

Sequence: TTAGTTTCTTTTCCTCCGCT; Type: regular 5'; Length: 20; Trimmed: 26698 times

Minimum overlap: 3
No. of allowed errors:
1-9 bp: 0; 10-19 bp: 1; 20 bp: 2

Overview of removed sequences
length	count	expect	max.err	error counts
3	7	436.7	0	7
12	1	0.0	1	1
16	2	0.0	1	1 1
17	1	0.0	1	0 1
18	30	0.0	1	1 0 29
19	502	0.0	1	14 223 265
20	14653	0.0	2	12973 899 781
21	11414	0.0	2	10501 496 417
22	13	0.0	2	5 5 3
23	4	0.0	2	0 0 4
24	1	0.0	2	1
25	3	0.0	2	2 0 1
26	1	0.0	2	1
27	1	0.0	2	0 0 1
41	1	0.0	2	0 0 1
56	1	0.0	2	0 0 1
57	1	0.0	2	1
58	1	0.0	2	1
59	3	0.0	2	1 2
60	2	0.0	2	0 2
61	16	0.0	2	2 6 8
62	26	0.0	2	2 11 13
63	14	0.0	2	2 9 3


=== Second read: Adapter 4 ===

Sequence: AACAACCCTGAACCAGACGT; Type: regular 3'; Length: 20; Trimmed: 246 times

Minimum overlap: 3
No. of allowed errors:
1-9 bp: 0; 10-19 bp: 1; 20 bp: 2

Bases preceding removed adapters:
  A: 13.4%
  C: 73.6%
  G: 3.3%
  T: 9.8%
  none/other: 0.0%

Overview of removed sequences
length	count	expect	max.err	error counts
3	230	436.7	0	230
4	2	109.2	0	2
5	3	27.3	0	3
6	2	6.8	0	2
7	1	1.7	0	1
11	2	0.0	1	1 1
20	1	0.0	2	0 1
21	5	0.0	2	1 4
