This is cutadapt 4.0 with Python 3.9.12
Command line parameters: -g ACGTCTGGTTCAGGGTTGTT -a AGCGGAGGAAAAGAAACTAA -G TTAGTTTCTTTTCCTCCGCT -A AACAACCCTGAACCAGACGT -n 2 --discard-untrimmed -o C:/Users/madis/OneDrive/Documents/URCO-Horse-Project/Miseq_Run/cutadapt/BZ04S_S33_R1_001.fastq.gz -p C:/Users/madis/OneDrive/Documents/URCO-Horse-Project/Miseq_Run/cutadapt/BZ04S_S33_R2_001.fastq.gz C:/Users/madis/OneDrive/Documents/URCO-Horse-Project/Miseq_Run/BZ04S_S33_R1_001.fastq.gz C:/Users/madis/OneDrive/Documents/URCO-Horse-Project/Miseq_Run/BZ04S_S33_R2_001.fastq.gz
Processing paired-end reads on 1 core ...
Finished in 3.41 s (164 µs/read; 0.37 M reads/minute).

=== Summary ===

Total read pairs processed:             20,823
  Read 1 with adapter:                  20,244 (97.2%)
  Read 2 with adapter:                  20,069 (96.4%)

== Read fate breakdown ==
Pairs discarded as untrimmed:              818 (3.9%)
Pairs written (passing filters):        20,005 (96.1%)

Total basepairs processed:     9,648,026 bp
  Read 1:     4,824,218 bp
  Read 2:     4,823,808 bp
Total written (filtered):      8,652,405 bp (89.7%)
  Read 1:     4,324,833 bp
  Read 2:     4,327,572 bp

=== First read: Adapter 1 ===

Sequence: ACGTCTGGTTCAGGGTTGTT; Type: regular 5'; Length: 20; Trimmed: 18984 times

Minimum overlap: 3
No. of allowed errors:
1-9 bp: 0; 10-19 bp: 1; 20 bp: 2

Overview of removed sequences
length	count	expect	max.err	error counts
17	1	0.0	1	0 1
19	32	0.0	1	5 26 1
20	8828	0.0	2	8661 163 4
21	10110	0.0	2	9909 196 5
22	9	0.0	2	1 6 2
24	1	0.0	2	1
32	1	0.0	2	1
34	1	0.0	2	1
56	1	0.0	2	1


=== First read: Adapter 2 ===

Sequence: AGCGGAGGAAAAGAAACTAA; Type: regular 3'; Length: 20; Trimmed: 1288 times

Minimum overlap: 3
No. of allowed errors:
1-9 bp: 0; 10-19 bp: 1; 20 bp: 2

Bases preceding removed adapters:
  A: 6.6%
  C: 49.5%
  G: 10.1%
  T: 33.9%
  none/other: 0.0%

Overview of removed sequences
length	count	expect	max.err	error counts
3	24	325.4	0	24
18	11	0.0	1	0 0 11
19	41	0.0	1	0 29 12
20	68	0.0	2	6 55 7
21	65	0.0	2	10 43 12
22	25	0.0	2	7 15 3
23	86	0.0	2	0 78 8
24	76	0.0	2	0 71 5
25	20	0.0	2	1 12 7
26	43	0.0	2	17 19 7
27	76	0.0	2	10 53 13
28	258	0.0	2	5 68 185
29	348	0.0	2	0 53 295
30	144	0.0	2	0 3 141
239	1	0.0	2	0 1
243	1	0.0	2	0 1
245	1	0.0	2	0 1


=== Second read: Adapter 3 ===

Sequence: TTAGTTTCTTTTCCTCCGCT; Type: regular 5'; Length: 20; Trimmed: 20061 times

Minimum overlap: 3
No. of allowed errors:
1-9 bp: 0; 10-19 bp: 1; 20 bp: 2

Overview of removed sequences
length	count	expect	max.err	error counts
3	8	325.4	0	8
17	1	0.0	1	0 1
18	14	0.0	1	0 0 14
19	284	0.0	1	9 125 150
20	10983	0.0	2	9936 586 461
21	8708	0.0	2	8067 393 248
22	11	0.0	2	1 5 5
23	4	0.0	2	1 0 3
41	1	0.0	2	0 1
42	1	0.0	2	1
53	1	0.0	2	1
59	2	0.0	2	1 1
60	1	0.0	2	0 1
61	11	0.0	2	2 5 4
62	19	0.0	2	1 7 11
63	11	0.0	2	2 5 4
64	1	0.0	2	1


=== Second read: Adapter 4 ===

Sequence: AACAACCCTGAACCAGACGT; Type: regular 3'; Length: 20; Trimmed: 209 times

Minimum overlap: 3
No. of allowed errors:
1-9 bp: 0; 10-19 bp: 1; 20 bp: 2

Bases preceding removed adapters:
  A: 18.2%
  C: 72.2%
  G: 3.3%
  T: 6.2%
  none/other: 0.0%

Overview of removed sequences
length	count	expect	max.err	error counts
3	203	325.4	0	203
4	1	81.3	0	1
5	1	20.3	0	1
10	1	0.0	1	0 1
20	1	0.0	2	0 0 1
21	2	0.0	2	2
