This is cutadapt 4.0 with Python 3.9.12
Command line parameters: -g ACGTCTGGTTCAGGGTTGTT -a AGCGGAGGAAAAGAAACTAA -G TTAGTTTCTTTTCCTCCGCT -A AACAACCCTGAACCAGACGT -n 2 --discard-untrimmed -o C:/Users/madis/OneDrive/Documents/URCO-Horse-Project/Miseq_Run/cutadapt/BZ05L_S18_R1_001.fastq.gz -p C:/Users/madis/OneDrive/Documents/URCO-Horse-Project/Miseq_Run/cutadapt/BZ05L_S18_R2_001.fastq.gz C:/Users/madis/OneDrive/Documents/URCO-Horse-Project/Miseq_Run/BZ05L_S18_R1_001.fastq.gz C:/Users/madis/OneDrive/Documents/URCO-Horse-Project/Miseq_Run/BZ05L_S18_R2_001.fastq.gz
Processing paired-end reads on 1 core ...
Finished in 4.23 s (152 µs/read; 0.39 M reads/minute).

=== Summary ===

Total read pairs processed:             27,747
  Read 1 with adapter:                  26,457 (95.4%)
  Read 2 with adapter:                  26,091 (94.0%)

== Read fate breakdown ==
Pairs discarded as untrimmed:            1,771 (6.4%)
Pairs written (passing filters):        25,976 (93.6%)

Total basepairs processed:    12,166,263 bp
  Read 1:     6,078,637 bp
  Read 2:     6,087,626 bp
Total written (filtered):     10,744,882 bp (88.3%)
  Read 1:     5,365,463 bp
  Read 2:     5,379,419 bp

=== First read: Adapter 1 ===

Sequence: ACGTCTGGTTCAGGGTTGTT; Type: regular 5'; Length: 20; Trimmed: 23674 times

Minimum overlap: 3
No. of allowed errors:
1-9 bp: 0; 10-19 bp: 1; 20 bp: 2

Overview of removed sequences
length	count	expect	max.err	error counts
19	20	0.0	1	1 19
20	11186	0.0	2	10960 224 2
21	12446	0.0	2	12230 210 6
22	17	0.0	2	2 14 1
23	1	0.0	2	0 1
24	1	0.0	2	0 1
34	1	0.0	2	1
35	2	0.0	2	2


=== First read: Adapter 2 ===

Sequence: AGCGGAGGAAAAGAAACTAA; Type: regular 3'; Length: 20; Trimmed: 2789 times

Minimum overlap: 3
No. of allowed errors:
1-9 bp: 0; 10-19 bp: 1; 20 bp: 2

Bases preceding removed adapters:
  A: 6.4%
  C: 52.3%
  G: 9.5%
  T: 31.7%
  none/other: 0.0%

Overview of removed sequences
length	count	expect	max.err	error counts
3	1	433.5	0	1
10	1	0.0	1	1
18	21	0.0	1	0 0 21
19	89	0.0	1	1 60 28
20	154	0.0	2	14 126 14
21	139	0.0	2	31 92 16
22	60	0.0	2	11 34 15
23	182	0.0	2	0 171 11
24	186	0.0	2	0 170 16
25	48	0.0	2	0 27 21
26	107	0.0	2	32 57 18
27	142	0.0	2	28 89 25
28	550	0.0	2	7 174 369
29	762	0.0	2	0 126 636
30	336	0.0	2	0 13 323
32	1	0.0	2	0 0 1
33	1	0.0	2	0 0 1
35	1	0.0	2	0 1
36	1	0.0	2	0 1
233	2	0.0	2	0 2
237	1	0.0	2	1
243	2	0.0	2	0 1 1
244	1	0.0	2	0 0 1
245	1	0.0	2	0 0 1


=== Second read: Adapter 3 ===

Sequence: TTAGTTTCTTTTCCTCCGCT; Type: regular 5'; Length: 20; Trimmed: 26081 times

Minimum overlap: 3
No. of allowed errors:
1-9 bp: 0; 10-19 bp: 1; 20 bp: 2

Overview of removed sequences
length	count	expect	max.err	error counts
3	6	433.5	0	6
4	1	108.4	0	1
5	2	27.1	0	2
6	1	6.8	0	1
15	1	0.0	1	1
18	28	0.0	1	0 1 27
19	607	0.0	1	7 262 338
20	14283	0.0	2	12298 1030 955
21	11030	0.0	2	9892 663 475
22	23	0.0	2	1 14 8
23	5	0.0	2	1 0 4
24	1	0.0	2	1
29	1	0.0	2	0 0 1
34	1	0.0	2	1
35	1	0.0	2	0 1
36	1	0.0	2	0 1
41	1	0.0	2	0 0 1
44	1	0.0	2	1
47	1	0.0	2	1
57	1	0.0	2	0 0 1
58	1	0.0	2	1
60	9	0.0	2	4 2 3
61	20	0.0	2	3 8 9
62	44	0.0	2	11 16 17
63	9	0.0	2	0 7 2
64	2	0.0	2	0 0 2


=== Second read: Adapter 4 ===

Sequence: AACAACCCTGAACCAGACGT; Type: regular 3'; Length: 20; Trimmed: 138 times

Minimum overlap: 3
No. of allowed errors:
1-9 bp: 0; 10-19 bp: 1; 20 bp: 2

Bases preceding removed adapters:
  A: 4.3%
  C: 68.1%
  G: 8.7%
  T: 18.8%
  none/other: 0.0%

Overview of removed sequences
length	count	expect	max.err	error counts
3	130	433.5	0	130
4	2	108.4	0	2
5	1	27.1	0	1
6	2	6.8	0	2
10	1	0.0	1	1
21	2	0.0	2	0 1 1
