This is cutadapt 4.0 with Python 3.9.12
Command line parameters: -g ACGTCTGGTTCAGGGTTGTT -a AGCGGAGGAAAAGAAACTAA -G TTAGTTTCTTTTCCTCCGCT -A AACAACCCTGAACCAGACGT -n 2 --discard-untrimmed -o C:/Users/madis/OneDrive/Documents/URCO-Horse-Project/Miseq_Run/cutadapt/BZ06L_S19_R1_001.fastq.gz -p C:/Users/madis/OneDrive/Documents/URCO-Horse-Project/Miseq_Run/cutadapt/BZ06L_S19_R2_001.fastq.gz C:/Users/madis/OneDrive/Documents/URCO-Horse-Project/Miseq_Run/BZ06L_S19_R1_001.fastq.gz C:/Users/madis/OneDrive/Documents/URCO-Horse-Project/Miseq_Run/BZ06L_S19_R2_001.fastq.gz
Processing paired-end reads on 1 core ...
Finished in 4.01 s (184 µs/read; 0.33 M reads/minute).

=== Summary ===

Total read pairs processed:             21,793
  Read 1 with adapter:                  21,451 (98.4%)
  Read 2 with adapter:                  21,196 (97.3%)

== Read fate breakdown ==
Pairs discarded as untrimmed:              627 (2.9%)
Pairs written (passing filters):        21,166 (97.1%)

Total basepairs processed:    10,456,217 bp
  Read 1:     5,230,074 bp
  Read 2:     5,226,143 bp
Total written (filtered):      9,408,803 bp (90.0%)
  Read 1:     4,705,043 bp
  Read 2:     4,703,760 bp

=== First read: Adapter 1 ===

Sequence: ACGTCTGGTTCAGGGTTGTT; Type: regular 5'; Length: 20; Trimmed: 20713 times

Minimum overlap: 3
No. of allowed errors:
1-9 bp: 0; 10-19 bp: 1; 20 bp: 2

Overview of removed sequences
length	count	expect	max.err	error counts
3	1	340.5	0	1
6	1	5.3	0	1
17	1	0.0	1	0 1
19	18	0.0	1	3 14 1
20	9547	0.0	2	9377 167 3
21	11129	0.0	2	10964 164 1
22	13	0.0	2	4 7 2
23	1	0.0	2	1
24	1	0.0	2	0 0 1
45	1	0.0	2	1


=== First read: Adapter 2 ===

Sequence: AGCGGAGGAAAAGAAACTAA; Type: regular 3'; Length: 20; Trimmed: 758 times

Minimum overlap: 3
No. of allowed errors:
1-9 bp: 0; 10-19 bp: 1; 20 bp: 2

Bases preceding removed adapters:
  A: 5.4%
  C: 46.2%
  G: 12.1%
  T: 36.3%
  none/other: 0.0%

Overview of removed sequences
length	count	expect	max.err	error counts
3	17	340.5	0	17
18	6	0.0	1	0 0 6
19	20	0.0	1	0 14 6
20	22	0.0	2	1 18 3
21	27	0.0	2	1 23 3
22	6	0.0	2	2 2 2
23	41	0.0	2	0 39 2
24	54	0.0	2	1 47 6
25	17	0.0	2	0 9 8
26	24	0.0	2	12 10 2
27	58	0.0	2	10 34 14
28	175	0.0	2	3 48 124
29	209	0.0	2	0 16 193
30	81	0.0	2	0 0 81
245	1	0.0	2	0 0 1


=== Second read: Adapter 3 ===

Sequence: TTAGTTTCTTTTCCTCCGCT; Type: regular 5'; Length: 20; Trimmed: 21189 times

Minimum overlap: 3
No. of allowed errors:
1-9 bp: 0; 10-19 bp: 1; 20 bp: 2

Overview of removed sequences
length	count	expect	max.err	error counts
3	1	340.5	0	1
16	1	0.0	1	1
17	1	0.0	1	0 1
18	11	0.0	1	0 2 9
19	219	0.0	1	7 92 120
20	11436	0.0	2	10636 495 305
21	9449	0.0	2	8900 374 175
22	9	0.0	2	2 5 2
23	1	0.0	2	0 0 1
25	1	0.0	2	0 1
29	1	0.0	2	1
32	1	0.0	2	0 1
53	2	0.0	2	0 2
56	1	0.0	2	0 0 1
59	2	0.0	2	1 0 1
60	8	0.0	2	1 5 2
61	16	0.0	2	3 7 6
62	25	0.0	2	2 12 11
63	3	0.0	2	0 3
64	1	0.0	2	1


=== Second read: Adapter 4 ===

Sequence: AACAACCCTGAACCAGACGT; Type: regular 3'; Length: 20; Trimmed: 98 times

Minimum overlap: 3
No. of allowed errors:
1-9 bp: 0; 10-19 bp: 1; 20 bp: 2

Bases preceding removed adapters:
  A: 25.5%
  C: 56.1%
  G: 8.2%
  T: 10.2%
  none/other: 0.0%

Overview of removed sequences
length	count	expect	max.err	error counts
3	86	340.5	0	86
4	5	85.1	0	5
6	3	5.3	0	3
7	2	1.3	0	2
8	1	0.3	0	1
21	1	0.0	2	1
