This is cutadapt 4.0 with Python 3.9.12
Command line parameters: -g ACGTCTGGTTCAGGGTTGTT -a AGCGGAGGAAAAGAAACTAA -G TTAGTTTCTTTTCCTCCGCT -A AACAACCCTGAACCAGACGT -n 2 --discard-untrimmed -o C:/Users/madis/OneDrive/Documents/URCO-Horse-Project/Miseq_Run/cutadapt/BZ06S_S35_R1_001.fastq.gz -p C:/Users/madis/OneDrive/Documents/URCO-Horse-Project/Miseq_Run/cutadapt/BZ06S_S35_R2_001.fastq.gz C:/Users/madis/OneDrive/Documents/URCO-Horse-Project/Miseq_Run/BZ06S_S35_R1_001.fastq.gz C:/Users/madis/OneDrive/Documents/URCO-Horse-Project/Miseq_Run/BZ06S_S35_R2_001.fastq.gz
Processing paired-end reads on 1 core ...
Finished in 3.38 s (166 µs/read; 0.36 M reads/minute).

=== Summary ===

Total read pairs processed:             20,346
  Read 1 with adapter:                  19,755 (97.1%)
  Read 2 with adapter:                  19,528 (96.0%)

== Read fate breakdown ==
Pairs discarded as untrimmed:              874 (4.3%)
Pairs written (passing filters):        19,472 (95.7%)

Total basepairs processed:     9,366,558 bp
  Read 1:     4,684,625 bp
  Read 2:     4,681,933 bp
Total written (filtered):      8,369,246 bp (89.4%)
  Read 1:     4,183,278 bp
  Read 2:     4,185,968 bp

=== First read: Adapter 1 ===

Sequence: ACGTCTGGTTCAGGGTTGTT; Type: regular 5'; Length: 20; Trimmed: 18410 times

Minimum overlap: 3
No. of allowed errors:
1-9 bp: 0; 10-19 bp: 1; 20 bp: 2

Overview of removed sequences
length	count	expect	max.err	error counts
19	11	0.0	1	0 9 2
20	8712	0.0	2	8544 167 1
21	9678	0.0	2	9512 160 6
22	8	0.0	2	1 7
24	1	0.0	2	1


=== First read: Adapter 2 ===

Sequence: AGCGGAGGAAAAGAAACTAA; Type: regular 3'; Length: 20; Trimmed: 1347 times

Minimum overlap: 3
No. of allowed errors:
1-9 bp: 0; 10-19 bp: 1; 20 bp: 2

Bases preceding removed adapters:
  A: 5.6%
  C: 49.1%
  G: 10.4%
  T: 34.8%
  none/other: 0.0%

Overview of removed sequences
length	count	expect	max.err	error counts
3	1	317.9	0	1
18	9	0.0	1	0 0 9
19	55	0.0	1	0 42 13
20	75	0.0	2	5 62 8
21	55	0.0	2	9 36 10
22	19	0.0	2	2 13 4
23	81	0.0	2	0 77 4
24	73	0.0	2	0 68 5
25	19	0.0	2	0 11 8
26	44	0.0	2	18 15 11
27	70	0.0	2	26 26 18
28	287	0.0	2	7 85 195
29	412	0.0	2	0 52 360
30	143	0.0	2	0 2 141
33	1	0.0	2	0 0 1
233	2	0.0	2	0 1 1
238	1	0.0	2	1


=== Second read: Adapter 3 ===

Sequence: TTAGTTTCTTTTCCTCCGCT; Type: regular 5'; Length: 20; Trimmed: 19521 times

Minimum overlap: 3
No. of allowed errors:
1-9 bp: 0; 10-19 bp: 1; 20 bp: 2

Overview of removed sequences
length	count	expect	max.err	error counts
15	1	0.0	1	1
16	1	0.0	1	0 1
17	2	0.0	1	0 2
18	16	0.0	1	2 1 13
19	347	0.0	1	12 162 173
20	10576	0.0	2	9397 657 522
21	8481	0.0	2	7837 395 249
22	11	0.0	2	0 8 3
23	9	0.0	2	1 1 7
27	2	0.0	2	2
42	1	0.0	2	1
58	3	0.0	2	1 2
59	2	0.0	2	1 1
60	5	0.0	2	1 1 3
61	24	0.0	2	9 5 10
62	32	0.0	2	5 10 17
63	8	0.0	2	2 3 3


=== Second read: Adapter 4 ===

Sequence: AACAACCCTGAACCAGACGT; Type: regular 3'; Length: 20; Trimmed: 115 times

Minimum overlap: 3
No. of allowed errors:
1-9 bp: 0; 10-19 bp: 1; 20 bp: 2

Bases preceding removed adapters:
  A: 4.3%
  C: 81.7%
  G: 4.3%
  T: 9.6%
  none/other: 0.0%
WARNING:
    The adapter is preceded by 'C' extremely often.
    The provided adapter sequence could be incomplete at its 5' end.
    Ignore this warning when trimming primers.

Overview of removed sequences
length	count	expect	max.err	error counts
3	104	317.9	0	104
4	6	79.5	0	6
5	2	19.9	0	2
6	1	5.0	0	1
7	1	1.2	0	1
20	1	0.0	2	0 1


WARNING:
    One or more of your adapter sequences may be incomplete.
    Please see the detailed output above.
