This is cutadapt 4.0 with Python 3.9.12
Command line parameters: -g ACGTCTGGTTCAGGGTTGTT -a AGCGGAGGAAAAGAAACTAA -G TTAGTTTCTTTTCCTCCGCT -A AACAACCCTGAACCAGACGT -n 2 --discard-untrimmed -o C:/Users/madis/OneDrive/Documents/URCO-Horse-Project/Miseq_Run/cutadapt/BZ08S_S36_R1_001.fastq.gz -p C:/Users/madis/OneDrive/Documents/URCO-Horse-Project/Miseq_Run/cutadapt/BZ08S_S36_R2_001.fastq.gz C:/Users/madis/OneDrive/Documents/URCO-Horse-Project/Miseq_Run/BZ08S_S36_R1_001.fastq.gz C:/Users/madis/OneDrive/Documents/URCO-Horse-Project/Miseq_Run/BZ08S_S36_R2_001.fastq.gz
Processing paired-end reads on 1 core ...
Finished in 5.63 s (165 µs/read; 0.36 M reads/minute).

=== Summary ===

Total read pairs processed:             34,059
  Read 1 with adapter:                  33,192 (97.5%)
  Read 2 with adapter:                  32,820 (96.4%)

== Read fate breakdown ==
Pairs discarded as untrimmed:            1,320 (3.9%)
Pairs written (passing filters):        32,739 (96.1%)

Total basepairs processed:    15,936,303 bp
  Read 1:     7,970,266 bp
  Read 2:     7,966,037 bp
Total written (filtered):     14,286,861 bp (89.6%)
  Read 1:     7,142,626 bp
  Read 2:     7,144,235 bp

=== First read: Adapter 1 ===

Sequence: ACGTCTGGTTCAGGGTTGTT; Type: regular 5'; Length: 20; Trimmed: 31392 times

Minimum overlap: 3
No. of allowed errors:
1-9 bp: 0; 10-19 bp: 1; 20 bp: 2

Overview of removed sequences
length	count	expect	max.err	error counts
6	2	8.3	0	2
18	1	0.0	1	1
19	27	0.0	1	1 24 2
20	15089	0.0	2	14802 286 1
21	16254	0.0	2	15982 270 2
22	15	0.0	2	3 9 3
23	1	0.0	2	1
25	1	0.0	2	0 0 1
28	1	0.0	2	1
46	1	0.0	2	1


=== First read: Adapter 2 ===

Sequence: AGCGGAGGAAAAGAAACTAA; Type: regular 3'; Length: 20; Trimmed: 1812 times

Minimum overlap: 3
No. of allowed errors:
1-9 bp: 0; 10-19 bp: 1; 20 bp: 2

Bases preceding removed adapters:
  A: 8.5%
  C: 49.6%
  G: 11.1%
  T: 30.8%
  none/other: 0.0%

Overview of removed sequences
length	count	expect	max.err	error counts
3	4	532.2	0	4
4	1	133.0	0	1
10	1	0.0	1	0 1
18	18	0.0	1	0 0 18
19	59	0.0	1	0 41 18
20	114	0.0	2	10 97 7
21	109	0.0	2	16 67 26
22	53	0.0	2	10 25 18
23	82	0.0	2	0 76 6
24	88	0.0	2	0 77 11
25	37	0.0	2	0 19 18
26	67	0.0	2	30 24 13
27	128	0.0	2	25 80 23
28	367	0.0	2	5 120 242
29	477	0.0	2	0 62 415
30	201	0.0	2	0 10 191
97	1	0.0	2	1
231	1	0.0	2	0 1
236	1	0.0	2	0 0 1
244	2	0.0	2	0 0 2
246	1	0.0	2	0 0 1


=== Second read: Adapter 3 ===

Sequence: TTAGTTTCTTTTCCTCCGCT; Type: regular 5'; Length: 20; Trimmed: 32816 times

Minimum overlap: 3
No. of allowed errors:
1-9 bp: 0; 10-19 bp: 1; 20 bp: 2

Overview of removed sequences
length	count	expect	max.err	error counts
13	1	0.0	1	0 1
15	1	0.0	1	1
18	29	0.0	1	1 0 28
19	445	0.0	1	10 202 233
20	17886	0.0	2	16359 889 638
21	14349	0.0	2	13441 578 330
22	27	0.0	2	2 14 11
23	3	0.0	2	0 0 3
25	1	0.0	2	0 0 1
41	2	0.0	2	0 0 2
42	1	0.0	2	0 0 1
52	1	0.0	2	0 0 1
59	3	0.0	2	1 1 1
60	6	0.0	2	0 5 1
61	15	0.0	2	5 7 3
62	29	0.0	2	3 11 15
63	17	0.0	2	3 7 7


=== Second read: Adapter 4 ===

Sequence: AACAACCCTGAACCAGACGT; Type: regular 3'; Length: 20; Trimmed: 168 times

Minimum overlap: 3
No. of allowed errors:
1-9 bp: 0; 10-19 bp: 1; 20 bp: 2

Bases preceding removed adapters:
  A: 4.8%
  C: 89.3%
  G: 3.0%
  T: 3.0%
  none/other: 0.0%
WARNING:
    The adapter is preceded by 'C' extremely often.
    The provided adapter sequence could be incomplete at its 5' end.
    Ignore this warning when trimming primers.

Overview of removed sequences
length	count	expect	max.err	error counts
3	160	532.2	0	160
4	2	133.0	0	2
5	3	33.3	0	3
6	1	8.3	0	1
11	1	0.0	1	1
20	1	0.0	2	0 0 1


WARNING:
    One or more of your adapter sequences may be incomplete.
    Please see the detailed output above.
