This is cutadapt 4.0 with Python 3.9.12
Command line parameters: -g ACGTCTGGTTCAGGGTTGTT -a AGCGGAGGAAAAGAAACTAA -G TTAGTTTCTTTTCCTCCGCT -A AACAACCCTGAACCAGACGT -n 2 --discard-untrimmed -o C:/Users/madis/OneDrive/Documents/URCO-Horse-Project/Miseq_Run/cutadapt/BZ08F_S7_R1_001.fastq.gz -p C:/Users/madis/OneDrive/Documents/URCO-Horse-Project/Miseq_Run/cutadapt/BZ08F_S7_R2_001.fastq.gz C:/Users/madis/OneDrive/Documents/URCO-Horse-Project/Miseq_Run/BZ08F_S7_R1_001.fastq.gz C:/Users/madis/OneDrive/Documents/URCO-Horse-Project/Miseq_Run/BZ08F_S7_R2_001.fastq.gz
Processing paired-end reads on 1 core ...
Finished in 1.68 s (159 µs/read; 0.38 M reads/minute).

=== Summary ===

Total read pairs processed:             10,536
  Read 1 with adapter:                   9,690 (92.0%)
  Read 2 with adapter:                   9,877 (93.7%)

== Read fate breakdown ==
Pairs discarded as untrimmed:              990 (9.4%)
Pairs written (passing filters):         9,546 (90.6%)

Total basepairs processed:     4,559,918 bp
  Read 1:     2,280,247 bp
  Read 2:     2,279,671 bp
Total written (filtered):      3,896,814 bp (85.5%)
  Read 1:     1,946,257 bp
  Read 2:     1,950,557 bp

=== First read: Adapter 1 ===

Sequence: ACGTCTGGTTCAGGGTTGTT; Type: regular 5'; Length: 20; Trimmed: 8531 times

Minimum overlap: 3
No. of allowed errors:
1-9 bp: 0; 10-19 bp: 1; 20 bp: 2

Overview of removed sequences
length	count	expect	max.err	error counts
19	7	0.0	1	1 5 1
20	4121	0.0	2	4051 65 5
21	4397	0.0	2	4308 87 2
22	5	0.0	2	1 3 1
24	1	0.0	2	0 1


=== First read: Adapter 2 ===

Sequence: AGCGGAGGAAAAGAAACTAA; Type: regular 3'; Length: 20; Trimmed: 1161 times

Minimum overlap: 3
No. of allowed errors:
1-9 bp: 0; 10-19 bp: 1; 20 bp: 2

Bases preceding removed adapters:
  A: 7.2%
  C: 46.3%
  G: 10.8%
  T: 35.7%
  none/other: 0.0%

Overview of removed sequences
length	count	expect	max.err	error counts
3	3	164.6	0	3
4	3	41.2	0	3
18	8	0.0	1	0 0 8
19	42	0.0	1	0 29 13
20	80	0.0	2	3 68 9
21	65	0.0	2	6 45 14
22	20	0.0	2	4 9 7
23	68	0.0	2	0 61 7
24	62	0.0	2	0 55 7
25	16	0.0	2	1 8 7
26	42	0.0	2	16 19 7
27	57	0.0	2	8 41 8
28	256	0.0	2	3 60 193
29	333	0.0	2	0 35 298
30	100	0.0	2	0 3 97
34	1	0.0	2	0 1
241	1	0.0	2	0 0 1
244	2	0.0	2	0 1 1
245	2	0.0	2	0 1 1


=== Second read: Adapter 3 ===

Sequence: TTAGTTTCTTTTCCTCCGCT; Type: regular 5'; Length: 20; Trimmed: 9876 times

Minimum overlap: 3
No. of allowed errors:
1-9 bp: 0; 10-19 bp: 1; 20 bp: 2

Overview of removed sequences
length	count	expect	max.err	error counts
4	1	41.2	0	1
18	11	0.0	1	0 0 11
19	266	0.0	1	5 104 157
20	5281	0.0	2	4420 410 451
21	4262	0.0	2	3666 291 305
22	24	0.0	2	2 5 17
23	3	0.0	2	0 0 3
35	1	0.0	2	0 1
58	2	0.0	2	1 0 1
59	1	0.0	2	0 0 1
60	3	0.0	2	1 1 1
61	7	0.0	2	3 2 2
62	10	0.0	2	1 3 6
63	3	0.0	2	2 1
65	1	0.0	2	0 0 1


=== Second read: Adapter 4 ===

Sequence: AACAACCCTGAACCAGACGT; Type: regular 3'; Length: 20; Trimmed: 10 times

Minimum overlap: 3
No. of allowed errors:
1-9 bp: 0; 10-19 bp: 1; 20 bp: 2

Bases preceding removed adapters:
  A: 0.0%
  C: 50.0%
  G: 10.0%
  T: 40.0%
  none/other: 0.0%

Overview of removed sequences
length	count	expect	max.err	error counts
3	9	164.6	0	9
7	1	0.6	0	1
