This is cutadapt 4.0 with Python 3.9.12
Command line parameters: -g ACGTCTGGTTCAGGGTTGTT -a AGCGGAGGAAAAGAAACTAA -G TTAGTTTCTTTTCCTCCGCT -A AACAACCCTGAACCAGACGT -n 2 --discard-untrimmed -o C:/Users/madis/OneDrive/Documents/URCO-Horse-Project/Miseq_Run/cutadapt/BZ09S_S37_R1_001.fastq.gz -p C:/Users/madis/OneDrive/Documents/URCO-Horse-Project/Miseq_Run/cutadapt/BZ09S_S37_R2_001.fastq.gz C:/Users/madis/OneDrive/Documents/URCO-Horse-Project/Miseq_Run/BZ09S_S37_R1_001.fastq.gz C:/Users/madis/OneDrive/Documents/URCO-Horse-Project/Miseq_Run/BZ09S_S37_R2_001.fastq.gz
Processing paired-end reads on 1 core ...
Finished in 4.99 s (146 µs/read; 0.41 M reads/minute).

=== Summary ===

Total read pairs processed:             34,265
  Read 1 with adapter:                  31,674 (92.4%)
  Read 2 with adapter:                  31,479 (91.9%)

== Read fate breakdown ==
Pairs discarded as untrimmed:            3,052 (8.9%)
Pairs written (passing filters):        31,213 (91.1%)

Total basepairs processed:    13,719,707 bp
  Read 1:     6,859,160 bp
  Read 2:     6,860,547 bp
Total written (filtered):     11,961,780 bp (87.2%)
  Read 1:     5,968,539 bp
  Read 2:     5,993,241 bp

=== First read: Adapter 1 ===

Sequence: ACGTCTGGTTCAGGGTTGTT; Type: regular 5'; Length: 20; Trimmed: 26148 times

Minimum overlap: 3
No. of allowed errors:
1-9 bp: 0; 10-19 bp: 1; 20 bp: 2

Overview of removed sequences
length	count	expect	max.err	error counts
18	2	0.0	1	0 2
19	20	0.0	1	4 16
20	12514	0.0	2	12248 259 7
21	13598	0.0	2	13319 274 5
22	11	0.0	2	2 6 3
23	1	0.0	2	0 0 1
48	1	0.0	2	1
50	1	0.0	2	0 1


=== First read: Adapter 2 ===

Sequence: AGCGGAGGAAAAGAAACTAA; Type: regular 3'; Length: 20; Trimmed: 5539 times

Minimum overlap: 3
No. of allowed errors:
1-9 bp: 0; 10-19 bp: 1; 20 bp: 2

Bases preceding removed adapters:
  A: 7.9%
  C: 51.2%
  G: 11.2%
  T: 29.7%
  none/other: 0.0%

Overview of removed sequences
length	count	expect	max.err	error counts
3	1	535.4	0	1
18	70	0.0	1	0 2 68
19	219	0.0	1	0 160 59
20	442	0.0	2	31 369 42
21	365	0.0	2	39 247 79
22	133	0.0	2	26 63 44
23	374	0.0	2	0 338 36
24	380	0.0	2	1 333 46
25	117	0.0	2	1 50 66
26	207	0.0	2	71 86 50
27	318	0.0	2	55 204 59
28	1010	0.0	2	17 322 671
29	1355	0.0	2	0 163 1192
30	526	0.0	2	0 30 496
31	1	0.0	2	0 0 1
32	2	0.0	2	0 0 2
41	1	0.0	2	0 0 1
231	1	0.0	2	0 0 1
239	1	0.0	2	0 1
240	2	0.0	2	0 2
241	1	0.0	2	0 1
244	10	0.0	2	0 2 8
245	1	0.0	2	0 0 1
246	2	0.0	2	0 0 2


=== Second read: Adapter 3 ===

Sequence: TTAGTTTCTTTTCCTCCGCT; Type: regular 5'; Length: 20; Trimmed: 31462 times

Minimum overlap: 3
No. of allowed errors:
1-9 bp: 0; 10-19 bp: 1; 20 bp: 2

Overview of removed sequences
length	count	expect	max.err	error counts
3	42	535.4	0	42
16	1	0.0	1	0 1
17	1	0.0	1	0 1
18	102	0.0	1	1 1 100
19	1211	0.0	1	7 582 622
20	16808	0.0	2	13421 1728 1659
21	13145	0.0	2	11286 1026 833
22	54	0.0	2	4 20 30
23	15	0.0	2	0 0 15
24	1	0.0	2	1
41	1	0.0	2	0 1
57	1	0.0	2	0 0 1
59	3	0.0	2	1 0 2
60	3	0.0	2	0 2 1
61	20	0.0	2	5 5 10
62	43	0.0	2	7 17 19
63	10	0.0	2	3 2 5
64	1	0.0	2	0 0 1


=== Second read: Adapter 4 ===

Sequence: AACAACCCTGAACCAGACGT; Type: regular 3'; Length: 20; Trimmed: 140 times

Minimum overlap: 3
No. of allowed errors:
1-9 bp: 0; 10-19 bp: 1; 20 bp: 2

Bases preceding removed adapters:
  A: 37.9%
  C: 32.1%
  G: 2.9%
  T: 27.1%
  none/other: 0.0%

Overview of removed sequences
length	count	expect	max.err	error counts
3	118	535.4	0	118
4	5	133.8	0	5
5	1	33.5	0	1
6	1	8.4	0	1
7	2	2.1	0	2
20	5	0.0	2	0 2 3
21	8	0.0	2	0 6 2
