This is cutadapt 4.0 with Python 3.9.12
Command line parameters: -g ACGTCTGGTTCAGGGTTGTT -a AGCGGAGGAAAAGAAACTAA -G TTAGTTTCTTTTCCTCCGCT -A AACAACCCTGAACCAGACGT -n 2 --discard-untrimmed -o C:/Users/madis/OneDrive/Documents/URCO-Horse-Project/Miseq_Run/cutadapt/BZ09F_S8_R1_001.fastq.gz -p C:/Users/madis/OneDrive/Documents/URCO-Horse-Project/Miseq_Run/cutadapt/BZ09F_S8_R2_001.fastq.gz C:/Users/madis/OneDrive/Documents/URCO-Horse-Project/Miseq_Run/BZ09F_S8_R1_001.fastq.gz C:/Users/madis/OneDrive/Documents/URCO-Horse-Project/Miseq_Run/BZ09F_S8_R2_001.fastq.gz
Processing paired-end reads on 1 core ...
Finished in 1.36 s (151 µs/read; 0.40 M reads/minute).

=== Summary ===

Total read pairs processed:              9,044
  Read 1 with adapter:                   5,596 (61.9%)
  Read 2 with adapter:                   8,436 (93.3%)

== Read fate breakdown ==
Pairs discarded as untrimmed:            3,556 (39.3%)
Pairs written (passing filters):         5,488 (60.7%)

Total basepairs processed:     3,929,469 bp
  Read 1:     1,963,927 bp
  Read 2:     1,965,542 bp
Total written (filtered):      2,103,966 bp (53.5%)
  Read 1:     1,048,697 bp
  Read 2:     1,055,269 bp

=== First read: Adapter 1 ===

Sequence: ACGTCTGGTTCAGGGTTGTT; Type: regular 5'; Length: 20; Trimmed: 4605 times

Minimum overlap: 3
No. of allowed errors:
1-9 bp: 0; 10-19 bp: 1; 20 bp: 2

Overview of removed sequences
length	count	expect	max.err	error counts
16	1	0.0	1	1
19	18	0.0	1	1 3 14
20	2166	0.0	2	2119 31 16
21	2419	0.0	2	2353 64 2
22	1	0.0	2	0 0 1


=== First read: Adapter 2 ===

Sequence: AGCGGAGGAAAAGAAACTAA; Type: regular 3'; Length: 20; Trimmed: 992 times

Minimum overlap: 3
No. of allowed errors:
1-9 bp: 0; 10-19 bp: 1; 20 bp: 2

Bases preceding removed adapters:
  A: 6.5%
  C: 49.9%
  G: 11.0%
  T: 32.7%
  none/other: 0.0%

Overview of removed sequences
length	count	expect	max.err	error counts
3	4	141.3	0	4
4	1	35.3	0	1
5	1	8.8	0	1
18	4	0.0	1	0 0 4
19	20	0.0	1	0 14 6
20	61	0.0	2	3 49 9
21	49	0.0	2	8 32 9
22	21	0.0	2	4 10 7
23	69	0.0	2	0 62 7
24	52	0.0	2	0 47 5
25	17	0.0	2	0 9 8
26	38	0.0	2	18 11 9
27	61	0.0	2	16 36 9
28	186	0.0	2	3 60 123
29	278	0.0	2	0 35 243
30	125	0.0	2	0 7 118
44	1	0.0	2	0 0 1
64	1	0.0	2	0 0 1
234	1	0.0	2	0 1
245	2	0.0	2	0 1 1


=== Second read: Adapter 3 ===

Sequence: TTAGTTTCTTTTCCTCCGCT; Type: regular 5'; Length: 20; Trimmed: 8497 times

Minimum overlap: 3
No. of allowed errors:
1-9 bp: 0; 10-19 bp: 1; 20 bp: 2

Overview of removed sequences
length	count	expect	max.err	error counts
3	64	141.3	0	64
4	3	35.3	0	3
15	2	0.0	1	2
17	1	0.0	1	1
18	12	0.0	1	0 1 11
19	297	0.0	1	0 150 147
20	4639	0.0	2	2576 1550 513
21	3417	0.0	2	2003 1104 310
22	45	0.0	2	1 22 22
23	4	0.0	2	0 0 4
24	1	0.0	2	0 0 1
44	1	0.0	2	0 0 1
56	1	0.0	2	0 1
61	2	0.0	2	1 0 1
62	4	0.0	2	0 1 3
63	4	0.0	2	1 1 2


=== Second read: Adapter 4 ===

Sequence: AACAACCCTGAACCAGACGT; Type: regular 3'; Length: 20; Trimmed: 33 times

Minimum overlap: 3
No. of allowed errors:
1-9 bp: 0; 10-19 bp: 1; 20 bp: 2

Bases preceding removed adapters:
  A: 39.4%
  C: 12.1%
  G: 3.0%
  T: 45.5%
  none/other: 0.0%

Overview of removed sequences
length	count	expect	max.err	error counts
3	33	141.3	0	33
