This is cutadapt 4.0 with Python 3.9.12
Command line parameters: -g ACGTCTGGTTCAGGGTTGTT -a AGCGGAGGAAAAGAAACTAA -G TTAGTTTCTTTTCCTCCGCT -A AACAACCCTGAACCAGACGT -n 2 --discard-untrimmed -o C:/Users/madis/OneDrive/Documents/URCO-Horse-Project/Miseq_Run/cutadapt/BZ09L_S21_R1_001.fastq.gz -p C:/Users/madis/OneDrive/Documents/URCO-Horse-Project/Miseq_Run/cutadapt/BZ09L_S21_R2_001.fastq.gz C:/Users/madis/OneDrive/Documents/URCO-Horse-Project/Miseq_Run/BZ09L_S21_R1_001.fastq.gz C:/Users/madis/OneDrive/Documents/URCO-Horse-Project/Miseq_Run/BZ09L_S21_R2_001.fastq.gz
Processing paired-end reads on 1 core ...
Finished in 4.13 s (171 µs/read; 0.35 M reads/minute).

=== Summary ===

Total read pairs processed:             24,147
  Read 1 with adapter:                  23,394 (96.9%)
  Read 2 with adapter:                  23,122 (95.8%)

== Read fate breakdown ==
Pairs discarded as untrimmed:            1,077 (4.5%)
Pairs written (passing filters):        23,070 (95.5%)

Total basepairs processed:    11,145,173 bp
  Read 1:     5,572,056 bp
  Read 2:     5,573,117 bp
Total written (filtered):      9,970,915 bp (89.5%)
  Read 1:     4,981,335 bp
  Read 2:     4,989,580 bp

=== First read: Adapter 1 ===

Sequence: ACGTCTGGTTCAGGGTTGTT; Type: regular 5'; Length: 20; Trimmed: 21926 times

Minimum overlap: 3
No. of allowed errors:
1-9 bp: 0; 10-19 bp: 1; 20 bp: 2

Overview of removed sequences
length	count	expect	max.err	error counts
17	1	0.0	1	0 1
19	15	0.0	1	2 13
20	10218	0.0	2	10013 202 3
21	11681	0.0	2	11475 203 3
22	10	0.0	2	1 8 1
54	1	0.0	2	0 1


=== First read: Adapter 2 ===

Sequence: AGCGGAGGAAAAGAAACTAA; Type: regular 3'; Length: 20; Trimmed: 1476 times

Minimum overlap: 3
No. of allowed errors:
1-9 bp: 0; 10-19 bp: 1; 20 bp: 2

Bases preceding removed adapters:
  A: 6.7%
  C: 47.9%
  G: 10.3%
  T: 35.1%
  none/other: 0.0%

Overview of removed sequences
length	count	expect	max.err	error counts
3	1	377.3	0	1
4	1	94.3	0	1
10	3	0.0	1	1 2
18	4	0.0	1	0 0 4
19	31	0.0	1	0 21 10
20	69	0.0	2	7 52 10
21	79	0.0	2	15 44 20
22	24	0.0	2	4 15 5
23	88	0.0	2	0 78 10
24	101	0.0	2	0 87 14
25	20	0.0	2	0 16 4
26	52	0.0	2	23 17 12
27	93	0.0	2	22 49 22
28	333	0.0	2	3 109 221
29	407	0.0	2	0 51 356
30	167	0.0	2	0 7 160
232	1	0.0	2	0 1
234	1	0.0	2	0 0 1
245	1	0.0	2	0 0 1


=== Second read: Adapter 3 ===

Sequence: TTAGTTTCTTTTCCTCCGCT; Type: regular 5'; Length: 20; Trimmed: 23108 times

Minimum overlap: 3
No. of allowed errors:
1-9 bp: 0; 10-19 bp: 1; 20 bp: 2

Overview of removed sequences
length	count	expect	max.err	error counts
14	1	0.0	1	1
17	2	0.0	1	0 2
18	23	0.0	1	0 0 23
19	337	0.0	1	14 140 183
20	12686	0.0	2	11442 729 515
21	9998	0.0	2	9244 446 308
22	14	0.0	2	6 5 3
23	4	0.0	2	0 0 4
30	1	0.0	2	1
56	1	0.0	2	0 0 1
58	2	0.0	2	0 0 2
60	4	0.0	2	0 3 1
61	5	0.0	2	1 1 3
62	22	0.0	2	6 4 12
63	8	0.0	2	1 3 4


=== Second read: Adapter 4 ===

Sequence: AACAACCCTGAACCAGACGT; Type: regular 3'; Length: 20; Trimmed: 85 times

Minimum overlap: 3
No. of allowed errors:
1-9 bp: 0; 10-19 bp: 1; 20 bp: 2

Bases preceding removed adapters:
  A: 52.9%
  C: 24.7%
  G: 5.9%
  T: 16.5%
  none/other: 0.0%

Overview of removed sequences
length	count	expect	max.err	error counts
3	77	377.3	0	77
5	1	23.6	0	1
6	2	5.9	0	2
10	1	0.0	1	0 1
11	1	0.0	1	0 1
20	2	0.0	2	1 1
21	1	0.0	2	1
