This is cutadapt 4.0 with Python 3.9.12
Command line parameters: -g ACGTCTGGTTCAGGGTTGTT -a AGCGGAGGAAAAGAAACTAA -G TTAGTTTCTTTTCCTCCGCT -A AACAACCCTGAACCAGACGT -n 2 --discard-untrimmed -o C:/Users/madis/OneDrive/Documents/URCO-Horse-Project/Miseq_Run/cutadapt/BZ10S_S38_R1_001.fastq.gz -p C:/Users/madis/OneDrive/Documents/URCO-Horse-Project/Miseq_Run/cutadapt/BZ10S_S38_R2_001.fastq.gz C:/Users/madis/OneDrive/Documents/URCO-Horse-Project/Miseq_Run/BZ10S_S38_R1_001.fastq.gz C:/Users/madis/OneDrive/Documents/URCO-Horse-Project/Miseq_Run/BZ10S_S38_R2_001.fastq.gz
Processing paired-end reads on 1 core ...
Finished in 4.78 s (158 µs/read; 0.38 M reads/minute).

=== Summary ===

Total read pairs processed:             30,292
  Read 1 with adapter:                  28,231 (93.2%)
  Read 2 with adapter:                  28,038 (92.6%)

== Read fate breakdown ==
Pairs discarded as untrimmed:            2,442 (8.1%)
Pairs written (passing filters):        27,850 (91.9%)

Total basepairs processed:    12,485,163 bp
  Read 1:     6,234,747 bp
  Read 2:     6,250,416 bp
Total written (filtered):     10,982,396 bp (88.0%)
  Read 1:     5,478,092 bp
  Read 2:     5,504,304 bp

=== First read: Adapter 1 ===

Sequence: ACGTCTGGTTCAGGGTTGTT; Type: regular 5'; Length: 20; Trimmed: 23955 times

Minimum overlap: 3
No. of allowed errors:
1-9 bp: 0; 10-19 bp: 1; 20 bp: 2

Overview of removed sequences
length	count	expect	max.err	error counts
4	1	118.3	0	1
17	4	0.0	1	1 3
18	2	0.0	1	1 0 1
19	25	0.0	1	3 19 3
20	11539	0.0	2	11325 211 3
21	12370	0.0	2	12172 193 5
22	13	0.0	2	5 7 1
28	1	0.0	2	0 0 1


=== First read: Adapter 2 ===

Sequence: AGCGGAGGAAAAGAAACTAA; Type: regular 3'; Length: 20; Trimmed: 4286 times

Minimum overlap: 3
No. of allowed errors:
1-9 bp: 0; 10-19 bp: 1; 20 bp: 2

Bases preceding removed adapters:
  A: 7.2%
  C: 50.7%
  G: 9.4%
  T: 32.6%
  none/other: 0.0%

Overview of removed sequences
length	count	expect	max.err	error counts
10	2	0.0	1	0 2
18	37	0.0	1	0 0 37
19	128	0.0	1	2 92 34
20	260	0.0	2	15 220 25
21	220	0.0	2	44 143 33
22	100	0.0	2	23 51 26
23	258	0.0	2	0 228 30
24	308	0.0	2	0 267 41
25	89	0.0	2	0 53 36
26	139	0.0	2	50 50 39
27	250	0.0	2	69 134 47
28	865	0.0	2	13 240 612
29	1135	0.0	2	0 138 997
30	481	0.0	2	0 11 470
31	1	0.0	2	0 0 1
233	1	0.0	2	0 1
238	1	0.0	2	0 0 1
239	1	0.0	2	0 0 1
242	1	0.0	2	0 1
243	1	0.0	2	0 1
244	5	0.0	2	0 1 4
245	3	0.0	2	0 1 2


=== Second read: Adapter 3 ===

Sequence: TTAGTTTCTTTTCCTCCGCT; Type: regular 5'; Length: 20; Trimmed: 28033 times

Minimum overlap: 3
No. of allowed errors:
1-9 bp: 0; 10-19 bp: 1; 20 bp: 2

Overview of removed sequences
length	count	expect	max.err	error counts
3	1	473.3	0	1
6	3	7.4	0	3
14	1	0.0	1	0 1
15	1	0.0	1	1
17	1	0.0	1	1
18	54	0.0	1	1 0 53
19	903	0.0	1	14 366 523
20	15059	0.0	2	12235 1432 1392
21	11907	0.0	2	10364 827 716
22	31	0.0	2	3 12 16
23	9	0.0	2	0 0 9
24	1	0.0	2	1
28	1	0.0	2	0 0 1
41	1	0.0	2	1
58	1	0.0	2	0 1
60	1	0.0	2	0 1
61	13	0.0	2	2 6 5
62	32	0.0	2	8 10 14
63	12	0.0	2	2 2 8
76	1	0.0	2	0 0 1


=== Second read: Adapter 4 ===

Sequence: AACAACCCTGAACCAGACGT; Type: regular 3'; Length: 20; Trimmed: 33 times

Minimum overlap: 3
No. of allowed errors:
1-9 bp: 0; 10-19 bp: 1; 20 bp: 2

Bases preceding removed adapters:
  A: 24.2%
  C: 39.4%
  G: 0.0%
  T: 27.3%
  none/other: 9.1%

Overview of removed sequences
length	count	expect	max.err	error counts
3	23	473.3	0	23
4	1	118.3	0	1
7	2	1.8	0	2
19	2	0.0	1	0 0 2
20	3	0.0	2	1 1 1
21	2	0.0	2	1 1
