This is cutadapt 4.0 with Python 3.9.12
Command line parameters: -g ACGTCTGGTTCAGGGTTGTT -a AGCGGAGGAAAAGAAACTAA -G TTAGTTTCTTTTCCTCCGCT -A AACAACCCTGAACCAGACGT -n 2 --discard-untrimmed -o C:/Users/madis/OneDrive/Documents/URCO-Horse-Project/Miseq_Run/cutadapt/BZ10L_S22_R1_001.fastq.gz -p C:/Users/madis/OneDrive/Documents/URCO-Horse-Project/Miseq_Run/cutadapt/BZ10L_S22_R2_001.fastq.gz C:/Users/madis/OneDrive/Documents/URCO-Horse-Project/Miseq_Run/BZ10L_S22_R1_001.fastq.gz C:/Users/madis/OneDrive/Documents/URCO-Horse-Project/Miseq_Run/BZ10L_S22_R2_001.fastq.gz
Processing paired-end reads on 1 core ...
Finished in 4.95 s (164 µs/read; 0.36 M reads/minute).

=== Summary ===

Total read pairs processed:             30,092
  Read 1 with adapter:                  28,609 (95.1%)
  Read 2 with adapter:                  28,316 (94.1%)

== Read fate breakdown ==
Pairs discarded as untrimmed:            1,888 (6.3%)
Pairs written (passing filters):        28,204 (93.7%)

Total basepairs processed:    13,150,965 bp
  Read 1:     6,574,152 bp
  Read 2:     6,576,813 bp
Total written (filtered):     11,665,229 bp (88.7%)
  Read 1:     5,825,056 bp
  Read 2:     5,840,173 bp

=== First read: Adapter 1 ===

Sequence: ACGTCTGGTTCAGGGTTGTT; Type: regular 5'; Length: 20; Trimmed: 25566 times

Minimum overlap: 3
No. of allowed errors:
1-9 bp: 0; 10-19 bp: 1; 20 bp: 2

Overview of removed sequences
length	count	expect	max.err	error counts
18	1	0.0	1	1
19	26	0.0	1	2 24
20	12239	0.0	2	12006 230 3
21	13283	0.0	2	13052 225 6
22	15	0.0	2	4 10 1
25	1	0.0	2	1
45	1	0.0	2	1


=== First read: Adapter 2 ===

Sequence: AGCGGAGGAAAAGAAACTAA; Type: regular 3'; Length: 20; Trimmed: 3047 times

Minimum overlap: 3
No. of allowed errors:
1-9 bp: 0; 10-19 bp: 1; 20 bp: 2

Bases preceding removed adapters:
  A: 6.5%
  C: 51.0%
  G: 10.2%
  T: 32.3%
  none/other: 0.0%

Overview of removed sequences
length	count	expect	max.err	error counts
3	1	470.2	0	1
10	2	0.0	1	0 2
18	22	0.0	1	0 1 21
19	81	0.0	1	0 62 19
20	182	0.0	2	15 150 17
21	187	0.0	2	28 121 38
22	75	0.0	2	7 43 25
23	198	0.0	2	0 182 16
24	217	0.0	2	2 186 29
25	46	0.0	2	2 18 26
26	107	0.0	2	32 55 20
27	163	0.0	2	38 93 32
28	624	0.0	2	8 183 433
29	798	0.0	2	0 95 703
30	333	0.0	2	0 18 315
32	2	0.0	2	0 0 2
35	1	0.0	2	0 0 1
233	1	0.0	2	0 0 1
243	1	0.0	2	0 1
244	4	0.0	2	0 0 4
245	2	0.0	2	0 1 1


=== Second read: Adapter 3 ===

Sequence: TTAGTTTCTTTTCCTCCGCT; Type: regular 5'; Length: 20; Trimmed: 28303 times

Minimum overlap: 3
No. of allowed errors:
1-9 bp: 0; 10-19 bp: 1; 20 bp: 2

Overview of removed sequences
length	count	expect	max.err	error counts
3	2	470.2	0	2
12	1	0.0	1	1
14	1	0.0	1	0 1
18	33	0.0	1	0 1 32
19	668	0.0	1	7 321 340
20	15336	0.0	2	13271 1066 999
21	12168	0.0	2	11003 617 548
22	33	0.0	2	2 18 13
23	7	0.0	2	0 0 7
38	1	0.0	2	1
56	1	0.0	2	0 1
60	6	0.0	2	2 2 2
61	12	0.0	2	3 8 1
62	19	0.0	2	3 4 12
63	13	0.0	2	2 9 2
64	2	0.0	2	0 2


=== Second read: Adapter 4 ===

Sequence: AACAACCCTGAACCAGACGT; Type: regular 3'; Length: 20; Trimmed: 62 times

Minimum overlap: 3
No. of allowed errors:
1-9 bp: 0; 10-19 bp: 1; 20 bp: 2

Bases preceding removed adapters:
  A: 46.8%
  C: 33.9%
  G: 3.2%
  T: 16.1%
  none/other: 0.0%

Overview of removed sequences
length	count	expect	max.err	error counts
3	50	470.2	0	50
4	4	117.5	0	4
5	1	29.4	0	1
11	3	0.0	1	0 3
20	3	0.0	2	0 3
21	1	0.0	2	0 0 1
