This is cutadapt 4.0 with Python 3.9.12
Command line parameters: -g ACGTCTGGTTCAGGGTTGTT -a AGCGGAGGAAAAGAAACTAA -G TTAGTTTCTTTTCCTCCGCT -A AACAACCCTGAACCAGACGT -n 2 --discard-untrimmed -o C:/Users/madis/OneDrive/Documents/URCO-Horse-Project/Miseq_Run/cutadapt/BZ11F_S10_R1_001.fastq.gz -p C:/Users/madis/OneDrive/Documents/URCO-Horse-Project/Miseq_Run/cutadapt/BZ11F_S10_R2_001.fastq.gz C:/Users/madis/OneDrive/Documents/URCO-Horse-Project/Miseq_Run/BZ11F_S10_R1_001.fastq.gz C:/Users/madis/OneDrive/Documents/URCO-Horse-Project/Miseq_Run/BZ11F_S10_R2_001.fastq.gz
Processing paired-end reads on 1 core ...
Finished in 1.53 s (154 µs/read; 0.39 M reads/minute).

=== Summary ===

Total read pairs processed:              9,909
  Read 1 with adapter:                   8,987 (90.7%)
  Read 2 with adapter:                   9,408 (94.9%)

== Read fate breakdown ==
Pairs discarded as untrimmed:            1,040 (10.5%)
Pairs written (passing filters):         8,869 (89.5%)

Total basepairs processed:     4,428,348 bp
  Read 1:     2,214,177 bp
  Read 2:     2,214,171 bp
Total written (filtered):      3,707,593 bp (83.7%)
  Read 1:     1,852,509 bp
  Read 2:     1,855,084 bp

=== First read: Adapter 1 ===

Sequence: ACGTCTGGTTCAGGGTTGTT; Type: regular 5'; Length: 20; Trimmed: 8107 times

Minimum overlap: 3
No. of allowed errors:
1-9 bp: 0; 10-19 bp: 1; 20 bp: 2

Overview of removed sequences
length	count	expect	max.err	error counts
18	8	0.0	1	7 1
19	110	0.0	1	0 5 105
20	3905	0.0	2	3618 97 190
21	4079	0.0	2	3934 71 74
22	5	0.0	2	1 3 1


=== First read: Adapter 2 ===

Sequence: AGCGGAGGAAAAGAAACTAA; Type: regular 3'; Length: 20; Trimmed: 898 times

Minimum overlap: 3
No. of allowed errors:
1-9 bp: 0; 10-19 bp: 1; 20 bp: 2

Bases preceding removed adapters:
  A: 8.5%
  C: 48.2%
  G: 9.4%
  T: 34.0%
  none/other: 0.0%

Overview of removed sequences
length	count	expect	max.err	error counts
3	4	154.8	0	4
4	1	38.7	0	1
10	1	0.0	1	0 1
11	1	0.0	1	0 1
18	6	0.0	1	0 0 6
19	27	0.0	1	0 16 11
20	56	0.0	2	2 44 10
21	51	0.0	2	3 39 9
22	27	0.0	2	3 16 8
23	58	0.0	2	0 56 2
24	53	0.0	2	0 41 12
25	15	0.0	2	0 10 5
26	33	0.0	2	13 15 5
27	52	0.0	2	13 31 8
28	180	0.0	2	3 38 139
29	236	0.0	2	0 28 208
30	93	0.0	2	0 3 90
243	1	0.0	2	0 0 1
244	1	0.0	2	0 0 1
245	2	0.0	2	0 0 2


=== Second read: Adapter 3 ===

Sequence: TTAGTTTCTTTTCCTCCGCT; Type: regular 5'; Length: 20; Trimmed: 9421 times

Minimum overlap: 3
No. of allowed errors:
1-9 bp: 0; 10-19 bp: 1; 20 bp: 2

Overview of removed sequences
length	count	expect	max.err	error counts
3	12	154.8	0	12
4	3	38.7	0	3
18	11	0.0	1	0 1 10
19	193	0.0	1	3 76 114
20	5140	0.0	2	4115 615 410
21	4025	0.0	2	3313 453 259
22	19	0.0	2	2 12 5
23	1	0.0	2	0 0 1
26	1	0.0	2	1
28	1	0.0	2	1
59	2	0.0	2	0 1 1
61	3	0.0	2	0 1 2
62	5	0.0	2	0 2 3
63	4	0.0	2	0 2 2
64	1	0.0	2	0 0 1


=== Second read: Adapter 4 ===

Sequence: AACAACCCTGAACCAGACGT; Type: regular 3'; Length: 20; Trimmed: 11 times

Minimum overlap: 3
No. of allowed errors:
1-9 bp: 0; 10-19 bp: 1; 20 bp: 2

Bases preceding removed adapters:
  A: 9.1%
  C: 0.0%
  G: 9.1%
  T: 81.8%
  none/other: 0.0%

Overview of removed sequences
length	count	expect	max.err	error counts
3	1	154.8	0	1
5	1	9.7	0	1
20	3	0.0	2	0 3
21	5	0.0	2	0 0 5
22	1	0.0	2	0 0 1
