This is cutadapt 4.0 with Python 3.9.12
Command line parameters: -g ACGTCTGGTTCAGGGTTGTT -a AGCGGAGGAAAAGAAACTAA -G TTAGTTTCTTTTCCTCCGCT -A AACAACCCTGAACCAGACGT -n 2 --discard-untrimmed -o C:/Users/madis/OneDrive/Documents/URCO-Horse-Project/Miseq_Run/cutadapt/BZ11L_S23_R1_001.fastq.gz -p C:/Users/madis/OneDrive/Documents/URCO-Horse-Project/Miseq_Run/cutadapt/BZ11L_S23_R2_001.fastq.gz C:/Users/madis/OneDrive/Documents/URCO-Horse-Project/Miseq_Run/BZ11L_S23_R1_001.fastq.gz C:/Users/madis/OneDrive/Documents/URCO-Horse-Project/Miseq_Run/BZ11L_S23_R2_001.fastq.gz
Processing paired-end reads on 1 core ...
Finished in 3.39 s (174 µs/read; 0.34 M reads/minute).

=== Summary ===

Total read pairs processed:             19,456
  Read 1 with adapter:                  18,861 (96.9%)
  Read 2 with adapter:                  18,732 (96.3%)

== Read fate breakdown ==
Pairs discarded as untrimmed:              771 (4.0%)
Pairs written (passing filters):        18,685 (96.0%)

Total basepairs processed:     8,932,347 bp
  Read 1:     4,468,193 bp
  Read 2:     4,464,154 bp
Total written (filtered):      8,022,746 bp (89.8%)
  Read 1:     4,010,475 bp
  Read 2:     4,012,271 bp

=== First read: Adapter 1 ===

Sequence: ACGTCTGGTTCAGGGTTGTT; Type: regular 5'; Length: 20; Trimmed: 17530 times

Minimum overlap: 3
No. of allowed errors:
1-9 bp: 0; 10-19 bp: 1; 20 bp: 2

Overview of removed sequences
length	count	expect	max.err	error counts
3	1	304.0	0	1
15	2	0.0	1	2
18	2	0.0	1	1 0 1
19	17	0.0	1	0 15 2
20	8102	0.0	2	7947 154 1
21	9390	0.0	2	9239 147 4
22	12	0.0	2	3 8 1
23	1	0.0	2	0 0 1
33	1	0.0	2	1
41	1	0.0	2	1
46	1	0.0	2	1


=== First read: Adapter 2 ===

Sequence: AGCGGAGGAAAAGAAACTAA; Type: regular 3'; Length: 20; Trimmed: 1344 times

Minimum overlap: 3
No. of allowed errors:
1-9 bp: 0; 10-19 bp: 1; 20 bp: 2

Bases preceding removed adapters:
  A: 8.0%
  C: 51.7%
  G: 10.4%
  T: 29.8%
  none/other: 0.0%

Overview of removed sequences
length	count	expect	max.err	error counts
3	1	304.0	0	1
10	4	0.0	1	0 4
11	1	0.0	1	1
18	10	0.0	1	0 0 10
19	38	0.0	1	0 25 13
20	89	0.0	2	8 71 10
21	94	0.0	2	16 54 24
22	32	0.0	2	3 21 8
23	86	0.0	2	0 83 3
24	78	0.0	2	0 63 15
25	31	0.0	2	0 20 11
26	47	0.0	2	11 26 10
27	70	0.0	2	15 39 16
28	245	0.0	2	10 79 156
29	369	0.0	2	0 54 315
30	142	0.0	2	0 7 135
31	2	0.0	2	0 0 2
33	1	0.0	2	0 0 1
232	1	0.0	2	0 1
237	1	0.0	2	1
239	1	0.0	2	0 1
244	1	0.0	2	0 0 1


=== Second read: Adapter 3 ===

Sequence: TTAGTTTCTTTTCCTCCGCT; Type: regular 5'; Length: 20; Trimmed: 18731 times

Minimum overlap: 3
No. of allowed errors:
1-9 bp: 0; 10-19 bp: 1; 20 bp: 2

Overview of removed sequences
length	count	expect	max.err	error counts
3	3	304.0	0	3
17	1	0.0	1	0 1
18	17	0.0	1	0 0 17
19	312	0.0	1	7 127 178
20	10052	0.0	2	9062 567 423
21	8277	0.0	2	7722 343 212
22	11	0.0	2	0 10 1
23	3	0.0	2	0 0 3
25	2	0.0	2	1 0 1
41	1	0.0	2	0 1
57	1	0.0	2	0 0 1
58	3	0.0	2	1 2
60	3	0.0	2	1 1 1
61	13	0.0	2	3 2 8
62	23	0.0	2	6 4 13
63	9	0.0	2	3 3 3


=== Second read: Adapter 4 ===

Sequence: AACAACCCTGAACCAGACGT; Type: regular 3'; Length: 20; Trimmed: 21 times

Minimum overlap: 3
No. of allowed errors:
1-9 bp: 0; 10-19 bp: 1; 20 bp: 2

Bases preceding removed adapters:
  A: 28.6%
  C: 19.0%
  G: 33.3%
  T: 19.0%
  none/other: 0.0%

Overview of removed sequences
length	count	expect	max.err	error counts
3	16	304.0	0	16
4	1	76.0	0	1
14	1	0.0	1	1
20	1	0.0	2	1
21	2	0.0	2	2
