This is cutadapt 4.0 with Python 3.9.12
Command line parameters: -g ACGTCTGGTTCAGGGTTGTT -a AGCGGAGGAAAAGAAACTAA -G TTAGTTTCTTTTCCTCCGCT -A AACAACCCTGAACCAGACGT -n 2 --discard-untrimmed -o C:/Users/madis/OneDrive/Documents/URCO-Horse-Project/Miseq_Run/cutadapt/BZ11LB_S29_R1_001.fastq.gz -p C:/Users/madis/OneDrive/Documents/URCO-Horse-Project/Miseq_Run/cutadapt/BZ11LB_S29_R2_001.fastq.gz C:/Users/madis/OneDrive/Documents/URCO-Horse-Project/Miseq_Run/BZ11LB_S29_R1_001.fastq.gz C:/Users/madis/OneDrive/Documents/URCO-Horse-Project/Miseq_Run/BZ11LB_S29_R2_001.fastq.gz
Processing paired-end reads on 1 core ...
Finished in 0.07 s (324 µs/read; 0.19 M reads/minute).

=== Summary ===

Total read pairs processed:                206
  Read 1 with adapter:                     200 (97.1%)
  Read 2 with adapter:                     189 (91.7%)

== Read fate breakdown ==
Pairs discarded as untrimmed:               18 (8.7%)
Pairs written (passing filters):           188 (91.3%)

Total basepairs processed:        95,659 bp
  Read 1:        47,314 bp
  Read 2:        48,345 bp
Total written (filtered):         81,418 bp (85.1%)
  Read 1:        40,580 bp
  Read 2:        40,838 bp

=== First read: Adapter 1 ===

Sequence: ACGTCTGGTTCAGGGTTGTT; Type: regular 5'; Length: 20; Trimmed: 185 times

Minimum overlap: 3
No. of allowed errors:
1-9 bp: 0; 10-19 bp: 1; 20 bp: 2

Overview of removed sequences
length	count	expect	max.err	error counts
20	86	0.0	2	86
21	99	0.0	2	97 2


=== First read: Adapter 2 ===

Sequence: AGCGGAGGAAAAGAAACTAA; Type: regular 3'; Length: 20; Trimmed: 15 times

Minimum overlap: 3
No. of allowed errors:
1-9 bp: 0; 10-19 bp: 1; 20 bp: 2

Bases preceding removed adapters:
  A: 6.7%
  C: 46.7%
  G: 13.3%
  T: 33.3%
  none/other: 0.0%

Overview of removed sequences
length	count	expect	max.err	error counts
19	1	0.0	1	0 1
20	2	0.0	2	0 1 1
24	1	0.0	2	0 1
26	1	0.0	2	1
27	1	0.0	2	1
28	1	0.0	2	0 0 1
29	6	0.0	2	0 2 4
30	2	0.0	2	0 0 2


=== Second read: Adapter 3 ===

Sequence: TTAGTTTCTTTTCCTCCGCT; Type: regular 5'; Length: 20; Trimmed: 189 times

Minimum overlap: 3
No. of allowed errors:
1-9 bp: 0; 10-19 bp: 1; 20 bp: 2

Overview of removed sequences
length	count	expect	max.err	error counts
19	3	0.0	1	0 1 2
20	98	0.0	2	86 8 4
21	88	0.0	2	75 12 1


=== Second read: Adapter 4 ===

Sequence: AACAACCCTGAACCAGACGT; Type: regular 3'; Length: 20; Trimmed: 3 times

Minimum overlap: 3
No. of allowed errors:
1-9 bp: 0; 10-19 bp: 1; 20 bp: 2

Bases preceding removed adapters:
  A: 0.0%
  C: 33.3%
  G: 0.0%
  T: 66.7%
  none/other: 0.0%

Overview of removed sequences
length	count	expect	max.err	error counts
3	1	3.2	0	1
4	1	0.8	0	1
6	1	0.1	0	1
