This is cutadapt 4.0 with Python 3.9.12
Command line parameters: -g ACGTCTGGTTCAGGGTTGTT -a AGCGGAGGAAAAGAAACTAA -G TTAGTTTCTTTTCCTCCGCT -A AACAACCCTGAACCAGACGT -n 2 --discard-untrimmed -o C:/Users/madis/OneDrive/Documents/URCO-Horse-Project/Miseq_Run/cutadapt/BZ12S_S40_R1_001.fastq.gz -p C:/Users/madis/OneDrive/Documents/URCO-Horse-Project/Miseq_Run/cutadapt/BZ12S_S40_R2_001.fastq.gz C:/Users/madis/OneDrive/Documents/URCO-Horse-Project/Miseq_Run/BZ12S_S40_R1_001.fastq.gz C:/Users/madis/OneDrive/Documents/URCO-Horse-Project/Miseq_Run/BZ12S_S40_R2_001.fastq.gz
Processing paired-end reads on 1 core ...
Finished in 4.11 s (157 µs/read; 0.38 M reads/minute).

=== Summary ===

Total read pairs processed:             26,169
  Read 1 with adapter:                  25,030 (95.6%)
  Read 2 with adapter:                  24,855 (95.0%)

== Read fate breakdown ==
Pairs discarded as untrimmed:            1,428 (5.5%)
Pairs written (passing filters):        24,741 (94.5%)

Total basepairs processed:    11,513,610 bp
  Read 1:     5,757,306 bp
  Read 2:     5,756,304 bp
Total written (filtered):     10,250,151 bp (89.0%)
  Read 1:     5,120,463 bp
  Read 2:     5,129,688 bp

=== First read: Adapter 1 ===

Sequence: ACGTCTGGTTCAGGGTTGTT; Type: regular 5'; Length: 20; Trimmed: 22380 times

Minimum overlap: 3
No. of allowed errors:
1-9 bp: 0; 10-19 bp: 1; 20 bp: 2

Overview of removed sequences
length	count	expect	max.err	error counts
18	1	0.0	1	0 0 1
19	18	0.0	1	0 18
20	10807	0.0	2	10610 195 2
21	11541	0.0	2	11363 178
22	13	0.0	2	5 7 1


=== First read: Adapter 2 ===

Sequence: AGCGGAGGAAAAGAAACTAA; Type: regular 3'; Length: 20; Trimmed: 2658 times

Minimum overlap: 3
No. of allowed errors:
1-9 bp: 0; 10-19 bp: 1; 20 bp: 2

Bases preceding removed adapters:
  A: 6.2%
  C: 50.2%
  G: 9.1%
  T: 34.5%
  none/other: 0.0%

Overview of removed sequences
length	count	expect	max.err	error counts
3	1	408.9	0	1
17	1	0.0	1	0 1
18	17	0.0	1	0 0 17
19	66	0.0	1	0 47 19
20	155	0.0	2	16 124 15
21	123	0.0	2	19 76 28
22	54	0.0	2	10 25 19
23	190	0.0	2	1 169 20
24	203	0.0	2	1 185 17
25	39	0.0	2	0 16 23
26	77	0.0	2	31 30 16
27	151	0.0	2	36 92 23
28	549	0.0	2	6 152 391
29	744	0.0	2	0 98 646
30	279	0.0	2	0 9 270
31	1	0.0	2	0 0 1
239	2	0.0	2	0 2
240	2	0.0	2	0 1 1
243	1	0.0	2	1
244	1	0.0	2	0 1
245	2	0.0	2	0 0 2


=== Second read: Adapter 3 ===

Sequence: TTAGTTTCTTTTCCTCCGCT; Type: regular 5'; Length: 20; Trimmed: 24856 times

Minimum overlap: 3
No. of allowed errors:
1-9 bp: 0; 10-19 bp: 1; 20 bp: 2

Overview of removed sequences
length	count	expect	max.err	error counts
3	6	408.9	0	6
4	1	102.2	0	1
5	1	25.6	0	1
17	2	0.0	1	0 2
18	38	0.0	1	2 1 35
19	620	0.0	1	14 269 337
20	13556	0.0	2	11757 908 891
21	10529	0.0	2	9441 621 467
22	22	0.0	2	0 13 9
23	4	0.0	2	0 0 4
27	1	0.0	2	0 1
56	1	0.0	2	0 0 1
57	1	0.0	2	1
59	1	0.0	2	1
60	4	0.0	2	1 2 1
61	13	0.0	2	3 4 6
62	41	0.0	2	8 16 17
63	15	0.0	2	7 3 5


=== Second read: Adapter 4 ===

Sequence: AACAACCCTGAACCAGACGT; Type: regular 3'; Length: 20; Trimmed: 22 times

Minimum overlap: 3
No. of allowed errors:
1-9 bp: 0; 10-19 bp: 1; 20 bp: 2

Bases preceding removed adapters:
  A: 40.9%
  C: 4.5%
  G: 40.9%
  T: 13.6%
  none/other: 0.0%

Overview of removed sequences
length	count	expect	max.err	error counts
3	13	408.9	0	13
4	1	102.2	0	1
20	3	0.0	2	0 3
21	5	0.0	2	0 5
