This is cutadapt 4.0 with Python 3.9.12
Command line parameters: -g ACGTCTGGTTCAGGGTTGTT -a AGCGGAGGAAAAGAAACTAA -G TTAGTTTCTTTTCCTCCGCT -A AACAACCCTGAACCAGACGT -n 2 --discard-untrimmed -o C:/Users/madis/OneDrive/Documents/URCO-Horse-Project/Miseq_Run/cutadapt/BZ12L_S24_R1_001.fastq.gz -p C:/Users/madis/OneDrive/Documents/URCO-Horse-Project/Miseq_Run/cutadapt/BZ12L_S24_R2_001.fastq.gz C:/Users/madis/OneDrive/Documents/URCO-Horse-Project/Miseq_Run/BZ12L_S24_R1_001.fastq.gz C:/Users/madis/OneDrive/Documents/URCO-Horse-Project/Miseq_Run/BZ12L_S24_R2_001.fastq.gz
Processing paired-end reads on 1 core ...
Finished in 4.37 s (155 µs/read; 0.39 M reads/minute).

=== Summary ===

Total read pairs processed:             28,246
  Read 1 with adapter:                  27,267 (96.5%)
  Read 2 with adapter:                  27,030 (95.7%)

== Read fate breakdown ==
Pairs discarded as untrimmed:            1,290 (4.6%)
Pairs written (passing filters):        26,956 (95.4%)

Total basepairs processed:    12,887,956 bp
  Read 1:     6,446,041 bp
  Read 2:     6,441,915 bp
Total written (filtered):     11,537,775 bp (89.5%)
  Read 1:     5,768,734 bp
  Read 2:     5,769,041 bp

=== First read: Adapter 1 ===

Sequence: ACGTCTGGTTCAGGGTTGTT; Type: regular 5'; Length: 20; Trimmed: 25245 times

Minimum overlap: 3
No. of allowed errors:
1-9 bp: 0; 10-19 bp: 1; 20 bp: 2

Overview of removed sequences
length	count	expect	max.err	error counts
18	1	0.0	1	1
19	25	0.0	1	1 21 3
20	12199	0.0	2	11966 231 2
21	13003	0.0	2	12735 262 6
22	17	0.0	2	6 11


=== First read: Adapter 2 ===

Sequence: AGCGGAGGAAAAGAAACTAA; Type: regular 3'; Length: 20; Trimmed: 2202 times

Minimum overlap: 3
No. of allowed errors:
1-9 bp: 0; 10-19 bp: 1; 20 bp: 2

Bases preceding removed adapters:
  A: 5.7%
  C: 48.4%
  G: 10.8%
  T: 35.1%
  none/other: 0.0%

Overview of removed sequences
length	count	expect	max.err	error counts
3	171	441.3	0	171
10	3	0.0	1	0 3
18	18	0.0	1	0 0 18
19	49	0.0	1	0 36 13
20	109	0.0	2	7 97 5
21	111	0.0	2	29 68 14
22	47	0.0	2	5 26 16
23	131	0.0	2	0 118 13
24	135	0.0	2	0 119 16
25	48	0.0	2	1 25 22
26	69	0.0	2	29 31 9
27	124	0.0	2	28 65 31
28	403	0.0	2	4 129 270
29	511	0.0	2	0 60 451
30	266	0.0	2	0 10 256
31	1	0.0	2	0 0 1
39	1	0.0	2	0 1
63	1	0.0	2	0 0 1
233	1	0.0	2	0 0 1
245	2	0.0	2	0 1 1
246	1	0.0	2	0 0 1


=== Second read: Adapter 3 ===

Sequence: TTAGTTTCTTTTCCTCCGCT; Type: regular 5'; Length: 20; Trimmed: 27027 times

Minimum overlap: 3
No. of allowed errors:
1-9 bp: 0; 10-19 bp: 1; 20 bp: 2

Overview of removed sequences
length	count	expect	max.err	error counts
3	2	441.3	0	2
12	1	0.0	1	1
16	1	0.0	1	1
17	1	0.0	1	1
18	27	0.0	1	1 0 26
19	520	0.0	1	11 237 272
20	14384	0.0	2	12963 761 660
21	11944	0.0	2	11058 539 347
22	31	0.0	2	3 15 13
23	2	0.0	2	0 0 2
31	1	0.0	2	0 0 1
41	2	0.0	2	0 0 2
43	1	0.0	2	0 0 1
55	1	0.0	2	0 1
58	2	0.0	2	1 1
59	2	0.0	2	0 2
60	7	0.0	2	7
61	22	0.0	2	8 8 6
62	48	0.0	2	14 19 15
63	24	0.0	2	7 11 6
64	4	0.0	2	2 1 1


=== Second read: Adapter 4 ===

Sequence: AACAACCCTGAACCAGACGT; Type: regular 3'; Length: 20; Trimmed: 232 times

Minimum overlap: 3
No. of allowed errors:
1-9 bp: 0; 10-19 bp: 1; 20 bp: 2

Bases preceding removed adapters:
  A: 88.4%
  C: 2.2%
  G: 6.0%
  T: 3.4%
  none/other: 0.0%
WARNING:
    The adapter is preceded by 'A' extremely often.
    The provided adapter sequence could be incomplete at its 5' end.
    Ignore this warning when trimming primers.

Overview of removed sequences
length	count	expect	max.err	error counts
3	225	441.3	0	225
4	1	110.3	0	1
20	2	0.0	2	0 2
21	4	0.0	2	0 4


WARNING:
    One or more of your adapter sequences may be incomplete.
    Please see the detailed output above.
