This is cutadapt 4.0 with Python 3.9.12
Command line parameters: -g ACGTCTGGTTCAGGGTTGTT -a AGCGGAGGAAAAGAAACTAA -G TTAGTTTCTTTTCCTCCGCT -A AACAACCCTGAACCAGACGT -n 2 --discard-untrimmed -o C:/Users/madis/OneDrive/Documents/URCO-Horse-Project/Miseq_Run/cutadapt/BZ12F_S11_R1_001.fastq.gz -p C:/Users/madis/OneDrive/Documents/URCO-Horse-Project/Miseq_Run/cutadapt/BZ12F_S11_R2_001.fastq.gz C:/Users/madis/OneDrive/Documents/URCO-Horse-Project/Miseq_Run/BZ12F_S11_R1_001.fastq.gz C:/Users/madis/OneDrive/Documents/URCO-Horse-Project/Miseq_Run/BZ12F_S11_R2_001.fastq.gz
Processing paired-end reads on 1 core ...
Finished in 0.93 s (128 µs/read; 0.47 M reads/minute).

=== Summary ===

Total read pairs processed:              7,242
  Read 1 with adapter:                   5,625 (77.7%)
  Read 2 with adapter:                   6,329 (87.4%)

== Read fate breakdown ==
Pairs discarded as untrimmed:            1,699 (23.5%)
Pairs written (passing filters):         5,543 (76.5%)

Total basepairs processed:     2,579,050 bp
  Read 1:     1,286,966 bp
  Read 2:     1,292,084 bp
Total written (filtered):      1,824,751 bp (70.8%)
  Read 1:       907,204 bp
  Read 2:       917,547 bp

=== First read: Adapter 1 ===

Sequence: ACGTCTGGTTCAGGGTTGTT; Type: regular 5'; Length: 20; Trimmed: 3928 times

Minimum overlap: 3
No. of allowed errors:
1-9 bp: 0; 10-19 bp: 1; 20 bp: 2

Overview of removed sequences
length	count	expect	max.err	error counts
18	1	0.0	1	0 1
19	69	0.0	1	1 4 64
20	1923	0.0	2	1809 44 70
21	1930	0.0	2	1883 34 13
22	3	0.0	2	1 0 2
23	2	0.0	2	1 0 1


=== First read: Adapter 2 ===

Sequence: AGCGGAGGAAAAGAAACTAA; Type: regular 3'; Length: 20; Trimmed: 1701 times

Minimum overlap: 3
No. of allowed errors:
1-9 bp: 0; 10-19 bp: 1; 20 bp: 2

Bases preceding removed adapters:
  A: 8.1%
  C: 48.2%
  G: 11.5%
  T: 32.2%
  none/other: 0.1%

Overview of removed sequences
length	count	expect	max.err	error counts
4	1	28.3	0	1
18	12	0.0	1	0 0 12
19	38	0.0	1	0 25 13
20	101	0.0	2	8 78 15
21	111	0.0	2	25 65 21
22	46	0.0	2	7 19 20
23	99	0.0	2	0 92 7
24	94	0.0	2	0 88 6
25	19	0.0	2	0 8 11
26	60	0.0	2	24 25 11
27	126	0.0	2	32 74 20
28	331	0.0	2	3 111 217
29	443	0.0	2	0 56 387
30	206	0.0	2	0 9 197
31	2	0.0	2	0 0 2
35	1	0.0	2	0 0 1
38	1	0.0	2	0 0 1
58	1	0.0	2	0 0 1
244	5	0.0	2	0 2 3
245	4	0.0	2	0 0 4


=== Second read: Adapter 3 ===

Sequence: TTAGTTTCTTTTCCTCCGCT; Type: regular 5'; Length: 20; Trimmed: 6331 times

Minimum overlap: 3
No. of allowed errors:
1-9 bp: 0; 10-19 bp: 1; 20 bp: 2

Overview of removed sequences
length	count	expect	max.err	error counts
3	1	113.2	0	1
4	2	28.3	0	2
5	1	7.1	0	1
18	16	0.0	1	0 0 16
19	352	0.0	1	6 133 213
20	3349	0.0	2	1987 729 633
21	2556	0.0	2	1714 516 326
22	29	0.0	2	0 9 20
23	8	0.0	2	0 0 8
38	1	0.0	2	0 0 1
59	1	0.0	2	0 1
61	3	0.0	2	0 2 1
62	10	0.0	2	0 3 7
63	2	0.0	2	1 1


=== Second read: Adapter 4 ===

Sequence: AACAACCCTGAACCAGACGT; Type: regular 3'; Length: 20; Trimmed: 7 times

Minimum overlap: 3
No. of allowed errors:
1-9 bp: 0; 10-19 bp: 1; 20 bp: 2

Bases preceding removed adapters:
  A: 42.9%
  C: 28.6%
  G: 14.3%
  T: 14.3%
  none/other: 0.0%

Overview of removed sequences
length	count	expect	max.err	error counts
3	3	113.2	0	3
4	1	28.3	0	1
20	2	0.0	2	0 2
21	1	0.0	2	0 0 1
