This is cutadapt 4.0 with Python 3.9.12
Command line parameters: -g ACGTCTGGTTCAGGGTTGTT -a AGCGGAGGAAAAGAAACTAA -G TTAGTTTCTTTTCCTCCGCT -A AACAACCCTGAACCAGACGT -n 2 --discard-untrimmed -o C:/Users/madis/OneDrive/Documents/URCO-Horse-Project/Miseq_Run/cutadapt/BZ13L_S25_R1_001.fastq.gz -p C:/Users/madis/OneDrive/Documents/URCO-Horse-Project/Miseq_Run/cutadapt/BZ13L_S25_R2_001.fastq.gz C:/Users/madis/OneDrive/Documents/URCO-Horse-Project/Miseq_Run/BZ13L_S25_R1_001.fastq.gz C:/Users/madis/OneDrive/Documents/URCO-Horse-Project/Miseq_Run/BZ13L_S25_R2_001.fastq.gz
Processing paired-end reads on 1 core ...
Finished in 5.30 s (166 µs/read; 0.36 M reads/minute).

=== Summary ===

Total read pairs processed:             31,854
  Read 1 with adapter:                  30,276 (95.0%)
  Read 2 with adapter:                  29,903 (93.9%)

== Read fate breakdown ==
Pairs discarded as untrimmed:            2,089 (6.6%)
Pairs written (passing filters):        29,765 (93.4%)

Total basepairs processed:    13,789,624 bp
  Read 1:     6,888,754 bp
  Read 2:     6,900,870 bp
Total written (filtered):     12,181,873 bp (88.3%)
  Read 1:     6,078,682 bp
  Read 2:     6,103,191 bp

=== First read: Adapter 1 ===

Sequence: ACGTCTGGTTCAGGGTTGTT; Type: regular 5'; Length: 20; Trimmed: 26762 times

Minimum overlap: 3
No. of allowed errors:
1-9 bp: 0; 10-19 bp: 1; 20 bp: 2

Overview of removed sequences
length	count	expect	max.err	error counts
18	2	0.0	1	1 1
19	22	0.0	1	1 20 1
20	12728	0.0	2	12504 221 3
21	13989	0.0	2	13772 216 1
22	21	0.0	2	6 15


=== First read: Adapter 2 ===

Sequence: AGCGGAGGAAAAGAAACTAA; Type: regular 3'; Length: 20; Trimmed: 3518 times

Minimum overlap: 3
No. of allowed errors:
1-9 bp: 0; 10-19 bp: 1; 20 bp: 2

Bases preceding removed adapters:
  A: 7.1%
  C: 49.3%
  G: 9.7%
  T: 33.9%
  none/other: 0.0%

Overview of removed sequences
length	count	expect	max.err	error counts
3	2	497.7	0	2
10	2	0.0	1	0 2
18	21	0.0	1	0 0 21
19	101	0.0	1	0 71 30
20	210	0.0	2	14 175 21
21	177	0.0	2	23 121 33
22	79	0.0	2	14 39 26
23	220	0.0	2	0 202 18
24	198	0.0	2	2 180 16
25	53	0.0	2	1 35 17
26	131	0.0	2	48 56 27
27	203	0.0	2	47 114 42
28	758	0.0	2	20 197 541
29	964	0.0	2	0 119 845
30	385	0.0	2	0 17 368
32	1	0.0	2	0 0 1
238	1	0.0	2	0 0 1
239	1	0.0	2	0 0 1
244	6	0.0	2	0 0 6
245	4	0.0	2	0 0 4
246	1	0.0	2	0 0 1


=== Second read: Adapter 3 ===

Sequence: TTAGTTTCTTTTCCTCCGCT; Type: regular 5'; Length: 20; Trimmed: 29886 times

Minimum overlap: 3
No. of allowed errors:
1-9 bp: 0; 10-19 bp: 1; 20 bp: 2

Overview of removed sequences
length	count	expect	max.err	error counts
3	3	497.7	0	3
18	33	0.0	1	0 1 32
19	751	0.0	1	9 338 404
20	16172	0.0	2	13748 1204 1220
21	12831	0.0	2	11385 799 647
22	46	0.0	2	1 22 23
23	5	0.0	2	0 0 5
31	1	0.0	2	0 1
55	1	0.0	2	1
57	1	0.0	2	0 0 1
58	1	0.0	2	0 1
60	4	0.0	2	0 1 3
61	12	0.0	2	2 5 5
62	18	0.0	2	2 4 12
63	6	0.0	2	0 2 4
65	1	0.0	2	0 0 1


=== Second read: Adapter 4 ===

Sequence: AACAACCCTGAACCAGACGT; Type: regular 3'; Length: 20; Trimmed: 184 times

Minimum overlap: 3
No. of allowed errors:
1-9 bp: 0; 10-19 bp: 1; 20 bp: 2

Bases preceding removed adapters:
  A: 16.8%
  C: 63.0%
  G: 4.9%
  T: 15.2%
  none/other: 0.0%

Overview of removed sequences
length	count	expect	max.err	error counts
3	177	497.7	0	177
4	4	124.4	0	4
7	1	1.9	0	1
11	2	0.0	1	0 2
