This is cutadapt 4.0 with Python 3.9.12
Command line parameters: -g ACGTCTGGTTCAGGGTTGTT -a AGCGGAGGAAAAGAAACTAA -G TTAGTTTCTTTTCCTCCGCT -A AACAACCCTGAACCAGACGT -n 2 --discard-untrimmed -o C:/Users/madis/OneDrive/Documents/URCO-Horse-Project/Miseq_Run/cutadapt/BZ14L_S26_R1_001.fastq.gz -p C:/Users/madis/OneDrive/Documents/URCO-Horse-Project/Miseq_Run/cutadapt/BZ14L_S26_R2_001.fastq.gz C:/Users/madis/OneDrive/Documents/URCO-Horse-Project/Miseq_Run/BZ14L_S26_R1_001.fastq.gz C:/Users/madis/OneDrive/Documents/URCO-Horse-Project/Miseq_Run/BZ14L_S26_R2_001.fastq.gz
Processing paired-end reads on 1 core ...
Finished in 2.66 s (142 µs/read; 0.42 M reads/minute).

=== Summary ===

Total read pairs processed:             18,735
  Read 1 with adapter:                  17,051 (91.0%)
  Read 2 with adapter:                  16,896 (90.2%)

== Read fate breakdown ==
Pairs discarded as untrimmed:            1,976 (10.5%)
Pairs written (passing filters):        16,759 (89.5%)

Total basepairs processed:     7,061,864 bp
  Read 1:     3,524,503 bp
  Read 2:     3,537,361 bp
Total written (filtered):      6,088,322 bp (86.2%)
  Read 1:     3,031,294 bp
  Read 2:     3,057,028 bp

=== First read: Adapter 1 ===

Sequence: ACGTCTGGTTCAGGGTTGTT; Type: regular 5'; Length: 20; Trimmed: 13283 times

Minimum overlap: 3
No. of allowed errors:
1-9 bp: 0; 10-19 bp: 1; 20 bp: 2

Overview of removed sequences
length	count	expect	max.err	error counts
18	1	0.0	1	0 0 1
19	7	0.0	1	1 6
20	6395	0.0	2	6280 115
21	6873	0.0	2	6749 123 1
22	7	0.0	2	2 5


=== First read: Adapter 2 ===

Sequence: AGCGGAGGAAAAGAAACTAA; Type: regular 3'; Length: 20; Trimmed: 3776 times

Minimum overlap: 3
No. of allowed errors:
1-9 bp: 0; 10-19 bp: 1; 20 bp: 2

Bases preceding removed adapters:
  A: 7.7%
  C: 49.9%
  G: 10.5%
  T: 31.9%
  none/other: 0.0%

Overview of removed sequences
length	count	expect	max.err	error counts
18	30	0.0	1	0 0 30
19	166	0.0	1	1 115 50
20	309	0.0	2	21 258 30
21	238	0.0	2	36 159 43
22	76	0.0	2	18 32 26
23	239	0.0	2	1 216 22
24	251	0.0	2	0 220 31
25	55	0.0	2	0 31 24
26	121	0.0	2	54 49 18
27	209	0.0	2	52 127 30
28	764	0.0	2	11 198 555
29	961	0.0	2	0 120 841
30	339	0.0	2	0 15 324
31	2	0.0	2	0 0 2
32	2	0.0	2	0 0 2
38	1	0.0	2	0 1
43	1	0.0	2	1
57	2	0.0	2	0 2
232	1	0.0	2	0 0 1
233	2	0.0	2	1 1
239	1	0.0	2	0 1
244	3	0.0	2	0 1 2
245	2	0.0	2	0 0 2
249	1	0.0	2	0 0 1


=== Second read: Adapter 3 ===

Sequence: TTAGTTTCTTTTCCTCCGCT; Type: regular 5'; Length: 20; Trimmed: 16883 times

Minimum overlap: 3
No. of allowed errors:
1-9 bp: 0; 10-19 bp: 1; 20 bp: 2

Overview of removed sequences
length	count	expect	max.err	error counts
3	1	292.7	0	1
16	1	0.0	1	1
18	55	0.0	1	1 0 54
19	793	0.0	1	4 380 409
20	9237	0.0	2	7002 1067 1168
21	6738	0.0	2	5505 637 596
22	19	0.0	2	3 8 8
23	15	0.0	2	1 0 14
35	1	0.0	2	0 1
37	2	0.0	2	0 2
54	1	0.0	2	0 0 1
58	1	0.0	2	0 0 1
61	3	0.0	2	0 2 1
62	14	0.0	2	1 7 6
63	2	0.0	2	0 0 2


=== Second read: Adapter 4 ===

Sequence: AACAACCCTGAACCAGACGT; Type: regular 3'; Length: 20; Trimmed: 65 times

Minimum overlap: 3
No. of allowed errors:
1-9 bp: 0; 10-19 bp: 1; 20 bp: 2

Bases preceding removed adapters:
  A: 27.7%
  C: 38.5%
  G: 1.5%
  T: 32.3%
  none/other: 0.0%

Overview of removed sequences
length	count	expect	max.err	error counts
3	49	292.7	0	49
4	4	73.2	0	4
7	1	1.1	0	1
11	2	0.0	1	0 2
20	2	0.0	2	0 0 2
21	7	0.0	2	0 7
