This is cutadapt 4.0 with Python 3.9.12
Command line parameters: -g ACGTCTGGTTCAGGGTTGTT -a AGCGGAGGAAAAGAAACTAA -G TTAGTTTCTTTTCCTCCGCT -A AACAACCCTGAACCAGACGT -n 2 --discard-untrimmed -o C:/Users/madis/OneDrive/Documents/URCO-Horse-Project/Miseq_Run/cutadapt/BZ14F_S13_R1_001.fastq.gz -p C:/Users/madis/OneDrive/Documents/URCO-Horse-Project/Miseq_Run/cutadapt/BZ14F_S13_R2_001.fastq.gz C:/Users/madis/OneDrive/Documents/URCO-Horse-Project/Miseq_Run/BZ14F_S13_R1_001.fastq.gz C:/Users/madis/OneDrive/Documents/URCO-Horse-Project/Miseq_Run/BZ14F_S13_R2_001.fastq.gz
Processing paired-end reads on 1 core ...
Finished in 0.28 s (97 µs/read; 0.62 M reads/minute).

=== Summary ===

Total read pairs processed:              2,899
  Read 1 with adapter:                   2,048 (70.6%)
  Read 2 with adapter:                   2,083 (71.9%)

== Read fate breakdown ==
Pairs discarded as untrimmed:              879 (30.3%)
Pairs written (passing filters):         2,020 (69.7%)

Total basepairs processed:       233,607 bp
  Read 1:       113,248 bp
  Read 2:       120,359 bp
Total written (filtered):         67,000 bp (28.7%)
  Read 1:        25,173 bp
  Read 2:        41,827 bp

=== First read: Adapter 1 ===

Sequence: ACGTCTGGTTCAGGGTTGTT; Type: regular 5'; Length: 20; Trimmed: 41 times

Minimum overlap: 3
No. of allowed errors:
1-9 bp: 0; 10-19 bp: 1; 20 bp: 2

Overview of removed sequences
length	count	expect	max.err	error counts
20	23	0.0	2	21 2
21	18	0.0	2	17 1


=== First read: Adapter 2 ===

Sequence: AGCGGAGGAAAAGAAACTAA; Type: regular 3'; Length: 20; Trimmed: 2010 times

Minimum overlap: 3
No. of allowed errors:
1-9 bp: 0; 10-19 bp: 1; 20 bp: 2

Bases preceding removed adapters:
  A: 7.6%
  C: 52.7%
  G: 10.8%
  T: 28.9%
  none/other: 0.0%

Overview of removed sequences
length	count	expect	max.err	error counts
3	1	45.3	0	1
18	15	0.0	1	0 0 15
19	68	0.0	1	0 48 20
20	116	0.0	2	2 102 12
21	125	0.0	2	14 86 25
22	40	0.0	2	7 17 16
23	128	0.0	2	0 119 9
24	134	0.0	2	1 114 19
25	35	0.0	2	1 18 16
26	84	0.0	2	37 33 14
27	118	0.0	2	37 67 14
28	365	0.0	2	3 115 247
29	537	0.0	2	0 60 477
30	233	0.0	2	0 10 223
32	1	0.0	2	0 0 1
33	1	0.0	2	0 0 1
45	1	0.0	2	0 1
231	1	0.0	2	0 1
232	3	0.0	2	0 1 2
234	1	0.0	2	1
239	1	0.0	2	0 1
245	1	0.0	2	0 0 1
246	1	0.0	2	0 0 1


=== Second read: Adapter 3 ===

Sequence: TTAGTTTCTTTTCCTCCGCT; Type: regular 5'; Length: 20; Trimmed: 2084 times

Minimum overlap: 3
No. of allowed errors:
1-9 bp: 0; 10-19 bp: 1; 20 bp: 2

Overview of removed sequences
length	count	expect	max.err	error counts
3	1	45.3	0	1
18	17	0.0	1	0 0 17
19	447	0.0	1	0 189 258
20	1043	0.0	2	72 391 580
21	557	0.0	2	60 228 269
22	11	0.0	2	0 3 8
23	5	0.0	2	0 0 5
25	1	0.0	2	0 1
61	1	0.0	2	0 1
63	1	0.0	2	0 0 1


=== Second read: Adapter 4 ===

Sequence: AACAACCCTGAACCAGACGT; Type: regular 3'; Length: 20; Trimmed: 3 times

Minimum overlap: 3
No. of allowed errors:
1-9 bp: 0; 10-19 bp: 1; 20 bp: 2

Bases preceding removed adapters:
  A: 33.3%
  C: 0.0%
  G: 0.0%
  T: 66.7%
  none/other: 0.0%

Overview of removed sequences
length	count	expect	max.err	error counts
3	1	45.3	0	1
20	2	0.0	2	0 2
