This is cutadapt 4.0 with Python 3.9.12
Command line parameters: -g ACGTCTGGTTCAGGGTTGTT -a AGCGGAGGAAAAGAAACTAA -G TTAGTTTCTTTTCCTCCGCT -A AACAACCCTGAACCAGACGT -n 2 --discard-untrimmed -o C:/Users/madis/OneDrive/Documents/URCO-Horse-Project/Miseq_Run/cutadapt/CTRL2_S44_R1_001.fastq.gz -p C:/Users/madis/OneDrive/Documents/URCO-Horse-Project/Miseq_Run/cutadapt/CTRL2_S44_R2_001.fastq.gz C:/Users/madis/OneDrive/Documents/URCO-Horse-Project/Miseq_Run/CTRL2_S44_R1_001.fastq.gz C:/Users/madis/OneDrive/Documents/URCO-Horse-Project/Miseq_Run/CTRL2_S44_R2_001.fastq.gz
Processing paired-end reads on 1 core ...
Finished in 0.09 s (67 µs/read; 0.89 M reads/minute).

=== Summary ===

Total read pairs processed:              1,295
  Read 1 with adapter:                     928 (71.7%)
  Read 2 with adapter:                     932 (72.0%)

== Read fate breakdown ==
Pairs discarded as untrimmed:              385 (29.7%)
Pairs written (passing filters):           910 (70.3%)

Total basepairs processed:       110,123 bp
  Read 1:        53,856 bp
  Read 2:        56,267 bp
Total written (filtered):         33,380 bp (30.3%)
  Read 1:        13,819 bp
  Read 2:        19,561 bp

=== First read: Adapter 1 ===

Sequence: ACGTCTGGTTCAGGGTTGTT; Type: regular 5'; Length: 20; Trimmed: 34 times

Minimum overlap: 3
No. of allowed errors:
1-9 bp: 0; 10-19 bp: 1; 20 bp: 2

Overview of removed sequences
length	count	expect	max.err	error counts
20	29	0.0	2	29
21	5	0.0	2	5


=== First read: Adapter 2 ===

Sequence: AGCGGAGGAAAAGAAACTAA; Type: regular 3'; Length: 20; Trimmed: 894 times

Minimum overlap: 3
No. of allowed errors:
1-9 bp: 0; 10-19 bp: 1; 20 bp: 2

Bases preceding removed adapters:
  A: 6.5%
  C: 49.9%
  G: 10.2%
  T: 33.4%
  none/other: 0.0%

Overview of removed sequences
length	count	expect	max.err	error counts
18	4	0.0	1	0 0 4
19	26	0.0	1	0 21 5
20	50	0.0	2	4 43 3
21	44	0.0	2	6 28 10
22	13	0.0	2	2 8 3
23	60	0.0	2	0 57 3
24	71	0.0	2	0 68 3
25	13	0.0	2	0 9 4
26	36	0.0	2	18 13 5
27	53	0.0	2	10 30 13
28	172	0.0	2	0 46 126
29	247	0.0	2	0 25 222
30	99	0.0	2	0 6 93
35	1	0.0	2	0 1
50	2	0.0	2	0 1 1
244	1	0.0	2	0 0 1
245	2	0.0	2	0 1 1


=== Second read: Adapter 3 ===

Sequence: TTAGTTTCTTTTCCTCCGCT; Type: regular 5'; Length: 20; Trimmed: 934 times

Minimum overlap: 3
No. of allowed errors:
1-9 bp: 0; 10-19 bp: 1; 20 bp: 2

Overview of removed sequences
length	count	expect	max.err	error counts
18	6	0.0	1	0 1 5
19	185	0.0	1	0 87 98
20	473	0.0	2	32 183 258
21	257	0.0	2	28 94 135
22	5	0.0	2	0 5
23	2	0.0	2	0 0 2
30	2	0.0	2	0 0 2
35	1	0.0	2	0 1
60	1	0.0	2	0 0 1
61	1	0.0	2	0 0 1
62	1	0.0	2	0 0 1


=== Second read: Adapter 4 ===

Sequence: AACAACCCTGAACCAGACGT; Type: regular 3'; Length: 20; Trimmed: 1 times

Minimum overlap: 3
No. of allowed errors:
1-9 bp: 0; 10-19 bp: 1; 20 bp: 2

Bases preceding removed adapters:
  A: 0.0%
  C: 0.0%
  G: 0.0%
  T: 100.0%
  none/other: 0.0%

Overview of removed sequences
length	count	expect	max.err	error counts
3	1	20.2	0	1
