This is cutadapt 4.0 with Python 3.9.12
Command line parameters: -g ACGTCTGGTTCAGGGTTGTT -a AGCGGAGGAAAAGAAACTAA -G TTAGTTTCTTTTCCTCCGCT -A AACAACCCTGAACCAGACGT -n 2 --discard-untrimmed -o C:/Users/madis/OneDrive/Documents/URCO-Horse-Project/Miseq_Run/cutadapt/CTRL3_S45_R1_001.fastq.gz -p C:/Users/madis/OneDrive/Documents/URCO-Horse-Project/Miseq_Run/cutadapt/CTRL3_S45_R2_001.fastq.gz C:/Users/madis/OneDrive/Documents/URCO-Horse-Project/Miseq_Run/CTRL3_S45_R1_001.fastq.gz C:/Users/madis/OneDrive/Documents/URCO-Horse-Project/Miseq_Run/CTRL3_S45_R2_001.fastq.gz
Processing paired-end reads on 1 core ...
Finished in 0.10 s (66 µs/read; 0.91 M reads/minute).

=== Summary ===

Total read pairs processed:              1,557
  Read 1 with adapter:                   1,110 (71.3%)
  Read 2 with adapter:                   1,119 (71.9%)

== Read fate breakdown ==
Pairs discarded as untrimmed:              475 (30.5%)
Pairs written (passing filters):         1,082 (69.5%)

Total basepairs processed:       147,781 bp
  Read 1:        71,310 bp
  Read 2:        76,471 bp
Total written (filtered):         52,607 bp (35.6%)
  Read 1:        22,473 bp
  Read 2:        30,134 bp

=== First read: Adapter 1 ===

Sequence: ACGTCTGGTTCAGGGTTGTT; Type: regular 5'; Length: 20; Trimmed: 73 times

Minimum overlap: 3
No. of allowed errors:
1-9 bp: 0; 10-19 bp: 1; 20 bp: 2

Overview of removed sequences
length	count	expect	max.err	error counts
20	57	0.0	2	57
21	16	0.0	2	15 1


=== First read: Adapter 2 ===

Sequence: AGCGGAGGAAAAGAAACTAA; Type: regular 3'; Length: 20; Trimmed: 1037 times

Minimum overlap: 3
No. of allowed errors:
1-9 bp: 0; 10-19 bp: 1; 20 bp: 2

Bases preceding removed adapters:
  A: 4.8%
  C: 50.0%
  G: 12.1%
  T: 33.1%
  none/other: 0.0%

Overview of removed sequences
length	count	expect	max.err	error counts
18	7	0.0	1	0 0 7
19	14	0.0	1	0 13 1
20	46	0.0	2	5 36 5
21	37	0.0	2	6 22 9
22	27	0.0	2	7 11 9
23	80	0.0	2	0 74 6
24	71	0.0	2	0 67 4
25	11	0.0	2	0 6 5
26	40	0.0	2	15 18 7
27	69	0.0	2	15 34 20
28	211	0.0	2	4 63 144
29	307	0.0	2	0 43 264
30	114	0.0	2	0 3 111
32	1	0.0	2	0 0 1
244	2	0.0	2	0 0 2


=== Second read: Adapter 3 ===

Sequence: TTAGTTTCTTTTCCTCCGCT; Type: regular 5'; Length: 20; Trimmed: 1119 times

Minimum overlap: 3
No. of allowed errors:
1-9 bp: 0; 10-19 bp: 1; 20 bp: 2

Overview of removed sequences
length	count	expect	max.err	error counts
18	9	0.0	1	0 0 9
19	216	0.0	1	0 91 125
20	575	0.0	2	54 209 312
21	315	0.0	2	48 104 163
22	4	0.0	2	0 2 2


=== Second read: Adapter 4 ===

Sequence: AACAACCCTGAACCAGACGT; Type: regular 3'; Length: 20; Trimmed: 1 times

Minimum overlap: 3
No. of allowed errors:
1-9 bp: 0; 10-19 bp: 1; 20 bp: 2

Bases preceding removed adapters:
  A: 0.0%
  C: 0.0%
  G: 100.0%
  T: 0.0%
  none/other: 0.0%

Overview of removed sequences
length	count	expect	max.err	error counts
3	1	24.3	0	1
