This is cutadapt 4.0 with Python 3.9.12
Command line parameters: -g ACGTCTGGTTCAGGGTTGTT -a AGCGGAGGAAAAGAAACTAA -G TTAGTTTCTTTTCCTCCGCT -A AACAACCCTGAACCAGACGT -n 2 --discard-untrimmed -o C:/Users/madis/OneDrive/Documents/URCO-Horse-Project/Miseq_Run/cutadapt/WAS03_S48_R1_001.fastq.gz -p C:/Users/madis/OneDrive/Documents/URCO-Horse-Project/Miseq_Run/cutadapt/WAS03_S48_R2_001.fastq.gz C:/Users/madis/OneDrive/Documents/URCO-Horse-Project/Miseq_Run/WAS03_S48_R1_001.fastq.gz C:/Users/madis/OneDrive/Documents/URCO-Horse-Project/Miseq_Run/WAS03_S48_R2_001.fastq.gz
Processing paired-end reads on 1 core ...
Finished in 3.79 s (185 µs/read; 0.32 M reads/minute).

=== Summary ===

Total read pairs processed:             20,450
  Read 1 with adapter:                  19,637 (96.0%)
  Read 2 with adapter:                  19,687 (96.3%)

== Read fate breakdown ==
Pairs discarded as untrimmed:            1,042 (5.1%)
Pairs written (passing filters):        19,408 (94.9%)

Total basepairs processed:     9,437,201 bp
  Read 1:     4,716,086 bp
  Read 2:     4,721,115 bp
Total written (filtered):      8,354,155 bp (88.5%)
  Read 1:     4,172,061 bp
  Read 2:     4,182,094 bp

=== First read: Adapter 1 ===

Sequence: ACGTCTGGTTCAGGGTTGTT; Type: regular 5'; Length: 20; Trimmed: 18295 times

Minimum overlap: 3
No. of allowed errors:
1-9 bp: 0; 10-19 bp: 1; 20 bp: 2

Overview of removed sequences
length	count	expect	max.err	error counts
19	21	0.0	1	3 16 2
20	8581	0.0	2	8363 202 16
21	9681	0.0	2	9462 201 18
22	10	0.0	2	3 5 2
23	1	0.0	2	0 0 1
29	1	0.0	2	1


=== First read: Adapter 2 ===

Sequence: AGCGGAGGAAAAGAAACTAA; Type: regular 3'; Length: 20; Trimmed: 1344 times

Minimum overlap: 3
No. of allowed errors:
1-9 bp: 0; 10-19 bp: 1; 20 bp: 2

Bases preceding removed adapters:
  A: 8.6%
  C: 49.8%
  G: 10.2%
  T: 31.4%
  none/other: 0.0%

Overview of removed sequences
length	count	expect	max.err	error counts
3	3	319.5	0	3
18	10	0.0	1	0 0 10
19	53	0.0	1	0 38 15
20	101	0.0	2	7 88 6
21	88	0.0	2	12 61 15
22	31	0.0	2	15 9 7
23	64	0.0	2	0 60 4
24	74	0.0	2	0 64 10
25	27	0.0	2	0 14 13
26	49	0.0	2	19 20 10
27	75	0.0	2	14 50 11
28	274	0.0	2	4 73 197
29	351	0.0	2	0 41 310
30	138	0.0	2	0 5 133
64	1	0.0	2	0 1
237	1	0.0	2	0 0 1
239	1	0.0	2	0 0 1
242	1	0.0	2	0 1
244	1	0.0	2	0 0 1
246	1	0.0	2	0 0 1


=== Second read: Adapter 3 ===

Sequence: TTAGTTTCTTTTCCTCCGCT; Type: regular 5'; Length: 20; Trimmed: 19675 times

Minimum overlap: 3
No. of allowed errors:
1-9 bp: 0; 10-19 bp: 1; 20 bp: 2

Overview of removed sequences
length	count	expect	max.err	error counts
4	1	79.9	0	1
17	1	0.0	1	1
18	18	0.0	1	1 0 17
19	319	0.0	1	9 138 172
20	10769	0.0	2	9652 634 483
21	8505	0.0	2	7832 436 237
22	13	0.0	2	2 9 2
23	3	0.0	2	0 0 3
28	1	0.0	2	0 0 1
36	1	0.0	2	0 1
44	1	0.0	2	0 1
56	1	0.0	2	0 0 1
57	1	0.0	2	1
59	1	0.0	2	0 1
60	4	0.0	2	1 2 1
61	9	0.0	2	3 2 4
62	20	0.0	2	3 5 12
63	7	0.0	2	1 1 5


=== Second read: Adapter 4 ===

Sequence: AACAACCCTGAACCAGACGT; Type: regular 3'; Length: 20; Trimmed: 137 times

Minimum overlap: 3
No. of allowed errors:
1-9 bp: 0; 10-19 bp: 1; 20 bp: 2

Bases preceding removed adapters:
  A: 29.9%
  C: 52.6%
  G: 10.2%
  T: 7.3%
  none/other: 0.0%

Overview of removed sequences
length	count	expect	max.err	error counts
3	135	319.5	0	135
4	1	79.9	0	1
21	1	0.0	2	0 0 1
