This is cutadapt 4.0 with Python 3.9.12
Command line parameters: -g ACGTCTGGTTCAGGGTTGTT -a AGCGGAGGAAAAGAAACTAA -G TTAGTTTCTTTTCCTCCGCT -A AACAACCCTGAACCAGACGT -n 2 --discard-untrimmed -o C:/Users/madis/OneDrive/Documents/URCO-Horse-Project/Miseq_Run/cutadapt/WAS11_S51_R1_001.fastq.gz -p C:/Users/madis/OneDrive/Documents/URCO-Horse-Project/Miseq_Run/cutadapt/WAS11_S51_R2_001.fastq.gz C:/Users/madis/OneDrive/Documents/URCO-Horse-Project/Miseq_Run/WAS11_S51_R1_001.fastq.gz C:/Users/madis/OneDrive/Documents/URCO-Horse-Project/Miseq_Run/WAS11_S51_R2_001.fastq.gz
Processing paired-end reads on 1 core ...
Finished in 4.36 s (138 µs/read; 0.43 M reads/minute).

=== Summary ===

Total read pairs processed:             31,532
  Read 1 with adapter:                  28,173 (89.3%)
  Read 2 with adapter:                  28,164 (89.3%)

== Read fate breakdown ==
Pairs discarded as untrimmed:            3,758 (11.9%)
Pairs written (passing filters):        27,774 (88.1%)

Total basepairs processed:    11,163,466 bp
  Read 1:     5,566,825 bp
  Read 2:     5,596,641 bp
Total written (filtered):      9,502,954 bp (85.1%)
  Read 1:     4,719,946 bp
  Read 2:     4,783,008 bp

=== First read: Adapter 1 ===

Sequence: ACGTCTGGTTCAGGGTTGTT; Type: regular 5'; Length: 20; Trimmed: 20535 times

Minimum overlap: 3
No. of allowed errors:
1-9 bp: 0; 10-19 bp: 1; 20 bp: 2

Overview of removed sequences
length	count	expect	max.err	error counts
14	1	0.0	1	1
16	2	0.0	1	2
19	14	0.0	1	2 10 2
20	9743	0.0	2	9550 190 3
21	10762	0.0	2	10609 151 2
22	13	0.0	2	3 10


=== First read: Adapter 2 ===

Sequence: AGCGGAGGAAAAGAAACTAA; Type: regular 3'; Length: 20; Trimmed: 7648 times

Minimum overlap: 3
No. of allowed errors:
1-9 bp: 0; 10-19 bp: 1; 20 bp: 2

Bases preceding removed adapters:
  A: 4.8%
  C: 46.9%
  G: 9.0%
  T: 39.3%
  none/other: 0.0%

Overview of removed sequences
length	count	expect	max.err	error counts
3	3	492.7	0	3
4	1	123.2	0	1
18	53	0.0	1	0 2 51
19	145	0.0	1	0 90 55
20	279	0.0	2	17 232 30
21	332	0.0	2	31 234 67
22	106	0.0	2	11 60 35
23	442	0.0	2	0 390 52
24	505	0.0	2	0 448 57
25	118	0.0	2	0 74 44
26	218	0.0	2	90 86 42
27	364	0.0	2	90 201 73
28	1825	0.0	2	19 429 1377
29	2414	0.0	2	0 255 2159
30	821	0.0	2	0 35 786
31	3	0.0	2	0 0 3
232	1	0.0	2	0 0 1
238	1	0.0	2	0 1
240	2	0.0	2	0 2
243	3	0.0	2	0 0 3
244	4	0.0	2	0 0 4
245	6	0.0	2	0 1 5
246	2	0.0	2	0 0 2


=== Second read: Adapter 3 ===

Sequence: TTAGTTTCTTTTCCTCCGCT; Type: regular 5'; Length: 20; Trimmed: 28168 times

Minimum overlap: 3
No. of allowed errors:
1-9 bp: 0; 10-19 bp: 1; 20 bp: 2

Overview of removed sequences
length	count	expect	max.err	error counts
3	8	492.7	0	8
9	1	0.1	0	0 1
15	1	0.0	1	1
18	96	0.0	1	1 2 93
19	1602	0.0	1	5 617 980
20	15113	0.0	2	10819 1659 2635
21	11212	0.0	2	8761 1014 1437
22	57	0.0	2	0 24 33
23	9	0.0	2	0 0 9
41	2	0.0	2	0 0 2
58	1	0.0	2	0 0 1
59	2	0.0	2	0 1 1
60	4	0.0	2	1 1 2
61	23	0.0	2	3 11 9
62	24	0.0	2	2 8 14
63	13	0.0	2	3 3 7


=== Second read: Adapter 4 ===

Sequence: AACAACCCTGAACCAGACGT; Type: regular 3'; Length: 20; Trimmed: 66 times

Minimum overlap: 3
No. of allowed errors:
1-9 bp: 0; 10-19 bp: 1; 20 bp: 2

Bases preceding removed adapters:
  A: 4.5%
  C: 50.0%
  G: 4.5%
  T: 40.9%
  none/other: 0.0%

Overview of removed sequences
length	count	expect	max.err	error counts
3	58	492.7	0	58
4	1	123.2	0	1
11	1	0.0	1	0 1
20	3	0.0	2	0 3
21	3	0.0	2	0 3
